2026-07-12T11:38:58.4242577Z Current runner version: '2.335.1'
2026-07-12T11:38:58.4268654Z ##[group]Runner Image Provisioner
2026-07-12T11:38:58.4269512Z Hosted Compute Agent
2026-07-12T11:38:58.4270207Z Version: 20260624.560
2026-07-12T11:38:58.4270858Z Commit: 925d229a51159bc391ae97e54a2dd1fe20af789d
2026-07-12T11:38:58.4271622Z Build Date: 2026-06-24T18:26:47Z
2026-07-12T11:38:58.4272308Z Worker ID: {ce5bccad-14b2-4917-bd64-1f29d8975e79}
2026-07-12T11:38:58.4273008Z Azure Region: westus
2026-07-12T11:38:58.4273930Z ##[endgroup]
2026-07-12T11:38:58.4275700Z ##[group]Operating System
2026-07-12T11:38:58.4276337Z Ubuntu
2026-07-12T11:38:58.4276943Z 24.04.4
2026-07-12T11:38:58.4277503Z LTS
2026-07-12T11:38:58.4278392Z ##[endgroup]
2026-07-12T11:38:58.4279027Z ##[group]Runner Image
2026-07-12T11:38:58.4279612Z Image: ubuntu-24.04
2026-07-12T11:38:58.4280214Z Version: 20260705.232.1
2026-07-12T11:38:58.4281459Z Included Software: https://github.com/actions/runner-images/blob/ubuntu24/20260705.232/images/ubuntu/Ubuntu2404-Readme.md
2026-07-12T11:38:58.4283022Z Image Release: https://github.com/actions/runner-images/releases/tag/ubuntu24%2F20260705.232
2026-07-12T11:38:58.4284246Z ##[endgroup]
2026-07-12T11:38:58.4285441Z ##[group]GITHUB_TOKEN Permissions
2026-07-12T11:38:58.4287547Z Contents: write
2026-07-12T11:38:58.4288224Z Metadata: read
2026-07-12T11:38:58.4288838Z ##[endgroup]
2026-07-12T11:38:58.4291219Z Secret source: Actions
2026-07-12T11:38:58.4292070Z Prepare workflow directory
2026-07-12T11:38:58.4637166Z Prepare all required actions
2026-07-12T11:38:58.4677900Z Getting action download info
2026-07-12T11:38:58.8586259Z Download action repository 'actions/checkout@v4' (SHA:34e114876b0b11c390a56381ad16ebd13914f8d5)
2026-07-12T11:38:58.9470545Z Download action repository 'actions/setup-go@v5' (SHA:40f1582b2485089dde7abd97c1529aa768e1baff)
2026-07-12T11:38:59.5019757Z Download action repository 'mlugg/setup-zig@v2' (SHA:d1434d08867e3ee9daa34448df10607b98908d29)
2026-07-12T11:39:01.1584229Z Download action repository 'lukka/get-cmake@latest' (SHA:80ed063af494e28dd56b85fb7a630f2f8f55ceed)
2026-07-12T11:39:01.5632770Z Download action repository 'actions/cache@v4' (SHA:0057852bfaa89a56745cba8c7296529d2fc39830)
2026-07-12T11:39:01.7098692Z Download action repository 'actions/upload-artifact@v4' (SHA:ea165f8d65b6e75b540449e92b4886f43607fa02)
2026-07-12T11:39:01.9292632Z Complete job name: build linux/amd64
2026-07-12T11:39:02.0021108Z Node 20 is being deprecated. This workflow is running with Node 24 by default. If you need to temporarily use Node 20, you can set the ACTIONS_ALLOW_USE_UNSECURE_NODE_VERSION=true environment variable. For more information see: https://github.blog/changelog/2025-09-19-deprecation-of-node-20-on-github-actions-runners/
2026-07-12T11:39:02.0029621Z ##[group]Run actions/checkout@v4
2026-07-12T11:39:02.0030115Z with:
2026-07-12T11:39:02.0030345Z   repository: sidedotdev/bgx
2026-07-12T11:39:02.0032965Z   token: ***
2026-07-12T11:39:02.0033413Z   ssh-strict: true
2026-07-12T11:39:02.0033625Z   ssh-user: git
2026-07-12T11:39:02.0033864Z   persist-credentials: true
2026-07-12T11:39:02.0034099Z   clean: true
2026-07-12T11:39:02.0034323Z   sparse-checkout-cone-mode: true
2026-07-12T11:39:02.0034593Z   fetch-depth: 1
2026-07-12T11:39:02.0034791Z   fetch-tags: false
2026-07-12T11:39:02.0034999Z   show-progress: true
2026-07-12T11:39:02.0035207Z   lfs: false
2026-07-12T11:39:02.0035431Z   submodules: false
2026-07-12T11:39:02.0035641Z   set-safe-directory: true
2026-07-12T11:39:02.0036244Z ##[endgroup]
2026-07-12T11:39:02.1063705Z Syncing repository: sidedotdev/bgx
2026-07-12T11:39:02.1065743Z ##[group]Getting Git version info
2026-07-12T11:39:02.1066477Z Working directory is '/home/runner/work/bgx/bgx'
2026-07-12T11:39:02.1067338Z [command]/usr/bin/git version
2026-07-12T11:39:02.1142353Z git version 2.54.0
2026-07-12T11:39:02.1209229Z ##[endgroup]
2026-07-12T11:39:02.1216533Z Temporarily overriding HOME='/home/runner/work/_temp/0810ca36-1e2a-4476-88e3-f457aa494962' before making global git config changes
2026-07-12T11:39:02.1218641Z Adding repository directory to the temporary git global config as a safe directory
2026-07-12T11:39:02.1221997Z [command]/usr/bin/git config --global --add safe.directory /home/runner/work/bgx/bgx
2026-07-12T11:39:02.1283414Z Deleting the contents of '/home/runner/work/bgx/bgx'
2026-07-12T11:39:02.1287484Z ##[group]Initializing the repository
2026-07-12T11:39:02.1293613Z [command]/usr/bin/git init /home/runner/work/bgx/bgx
2026-07-12T11:39:02.1429828Z hint: Using 'master' as the name for the initial branch. This default branch name
2026-07-12T11:39:02.1431239Z hint: will change to "main" in Git 3.0. To configure the initial branch name
2026-07-12T11:39:02.1432458Z hint: to use in all of your new repositories, which will suppress this warning,
2026-07-12T11:39:02.1433778Z hint: call:
2026-07-12T11:39:02.1434263Z hint:
2026-07-12T11:39:02.1434898Z hint: 	git config --global init.defaultBranch <name>
2026-07-12T11:39:02.1435627Z hint:
2026-07-12T11:39:02.1436310Z hint: Names commonly chosen instead of 'master' are 'main', 'trunk' and
2026-07-12T11:39:02.1437372Z hint: 'development'. The just-created branch can be renamed via this command:
2026-07-12T11:39:02.1438306Z hint:
2026-07-12T11:39:02.1438859Z hint: 	git branch -m <name>
2026-07-12T11:39:02.1439401Z hint:
2026-07-12T11:39:02.1440201Z hint: Disable this message with "git config set advice.defaultBranchName false"
2026-07-12T11:39:02.1441421Z Initialized empty Git repository in /home/runner/work/bgx/bgx/.git/
2026-07-12T11:39:02.1449898Z [command]/usr/bin/git remote add origin https://github.com/sidedotdev/bgx
2026-07-12T11:39:02.1507415Z ##[endgroup]
2026-07-12T11:39:02.1508046Z ##[group]Disabling automatic garbage collection
2026-07-12T11:39:02.1512872Z [command]/usr/bin/git config --local gc.auto 0
2026-07-12T11:39:02.1547836Z ##[endgroup]
2026-07-12T11:39:02.1548634Z ##[group]Setting up auth
2026-07-12T11:39:02.1555655Z [command]/usr/bin/git config --local --name-only --get-regexp core\.sshCommand
2026-07-12T11:39:02.1598763Z [command]/usr/bin/git submodule foreach --recursive sh -c "git config --local --name-only --get-regexp 'core\.sshCommand' && git config --local --unset-all 'core.sshCommand' || :"
2026-07-12T11:39:02.2009326Z [command]/usr/bin/git config --local --name-only --get-regexp http\.https\:\/\/github\.com\/\.extraheader
2026-07-12T11:39:02.2046988Z [command]/usr/bin/git submodule foreach --recursive sh -c "git config --local --name-only --get-regexp 'http\.https\:\/\/github\.com\/\.extraheader' && git config --local --unset-all 'http.https://github.com/.extraheader' || :"
2026-07-12T11:39:02.2308316Z [command]/usr/bin/git config --local --name-only --get-regexp ^includeIf\.gitdir:
2026-07-12T11:39:02.2312830Z [command]/usr/bin/git submodule foreach --recursive git config --local --show-origin --name-only --get-regexp remote.origin.url
2026-07-12T11:39:02.2542703Z [command]/usr/bin/git config --local http.https://github.com/.extraheader AUTHORIZATION: basic ***
2026-07-12T11:39:02.2583879Z ##[endgroup]
2026-07-12T11:39:02.2584694Z ##[group]Fetching the repository
2026-07-12T11:39:02.2594682Z [command]/usr/bin/git -c protocol.version=2 fetch --no-tags --prune --no-recurse-submodules --depth=1 origin +0fa3042c0a63fc1b8527b2bc875faa3d2be2dc3d:refs/tags/v0.2.0
2026-07-12T11:39:02.7134795Z From https://github.com/sidedotdev/bgx
2026-07-12T11:39:02.7135477Z  * [new ref]         0fa3042c0a63fc1b8527b2bc875faa3d2be2dc3d -> v0.2.0
2026-07-12T11:39:02.7188043Z ##[endgroup]
2026-07-12T11:39:02.7189084Z ##[group]Determining the checkout info
2026-07-12T11:39:02.7190259Z ##[endgroup]
2026-07-12T11:39:02.7196852Z [command]/usr/bin/git sparse-checkout disable
2026-07-12T11:39:02.7257447Z [command]/usr/bin/git config --local --unset-all extensions.worktreeConfig
2026-07-12T11:39:02.7291363Z ##[group]Checking out the ref
2026-07-12T11:39:02.7297368Z [command]/usr/bin/git checkout --progress --force refs/tags/v0.2.0
2026-07-12T11:39:02.7389261Z Note: switching to 'refs/tags/v0.2.0'.
2026-07-12T11:39:02.7389674Z 
2026-07-12T11:39:02.7389941Z You are in 'detached HEAD' state. You can look around, make experimental
2026-07-12T11:39:02.7390761Z changes and commit them, and you can discard any commits you make in this
2026-07-12T11:39:02.7391317Z state without impacting any branches by switching back to a branch.
2026-07-12T11:39:02.7391964Z 
2026-07-12T11:39:02.7392229Z If you want to create a new branch to retain commits you create, you may
2026-07-12T11:39:02.7392715Z do so (now or later) by using -c with the switch command. Example:
2026-07-12T11:39:02.7392979Z 
2026-07-12T11:39:02.7393390Z   git switch -c <new-branch-name>
2026-07-12T11:39:02.7393580Z 
2026-07-12T11:39:02.7393699Z Or undo this operation with:
2026-07-12T11:39:02.7393918Z 
2026-07-12T11:39:02.7394090Z   git switch -
2026-07-12T11:39:02.7394340Z 
2026-07-12T11:39:02.7394838Z Turn off this advice by setting config variable advice.detachedHead to false
2026-07-12T11:39:02.7395455Z 
2026-07-12T11:39:02.7395920Z HEAD is now at 0fa3042 Remove debug step; clarify pkg-config prefix pinning
2026-07-12T11:39:02.7399123Z ##[endgroup]
2026-07-12T11:39:02.7447611Z [command]/usr/bin/git log -1 --format=%H
2026-07-12T11:39:02.7475071Z 0fa3042c0a63fc1b8527b2bc875faa3d2be2dc3d
2026-07-12T11:39:02.7739694Z Node 20 is being deprecated. This workflow is running with Node 24 by default. If you need to temporarily use Node 20, you can set the ACTIONS_ALLOW_USE_UNSECURE_NODE_VERSION=true environment variable. For more information see: https://github.blog/changelog/2025-09-19-deprecation-of-node-20-on-github-actions-runners/
2026-07-12T11:39:02.7741467Z ##[group]Run actions/setup-go@v5
2026-07-12T11:39:02.7741718Z with:
2026-07-12T11:39:02.7741914Z   go-version-file: go.mod
2026-07-12T11:39:02.7742154Z   check-latest: false
2026-07-12T11:39:02.7744894Z   token: ***
2026-07-12T11:39:02.7745102Z   cache: true
2026-07-12T11:39:02.7745298Z ##[endgroup]
2026-07-12T11:39:02.9113834Z Setup go version spec 1.26.0
2026-07-12T11:39:02.9136526Z Attempting to download 1.26.0...
2026-07-12T11:39:02.9254294Z (node:2334) [DEP0040] DeprecationWarning: The `punycode` module is deprecated. Please use a userland alternative instead.
2026-07-12T11:39:02.9255832Z (Use `node --trace-deprecation ...` to show where the warning was created)
2026-07-12T11:39:03.5986928Z matching 1.26.0...
2026-07-12T11:39:03.6022715Z Acquiring 1.26.0 from https://github.com/actions/go-versions/releases/download/1.26.0-21889650668/go-1.26.0-linux-x64.tar.gz
2026-07-12T11:39:04.1853719Z Extracting Go...
2026-07-12T11:39:04.1995032Z [command]/usr/bin/tar xz --warning=no-unknown-keyword --overwrite -C /home/runner/work/_temp/56d93b62-bbe2-4575-ad09-57a041a3fd9d -f /home/runner/work/_temp/f2bbfe0c-8e5a-41ec-87db-784a8fd59a37
2026-07-12T11:39:05.7927399Z Successfully extracted go to /home/runner/work/_temp/56d93b62-bbe2-4575-ad09-57a041a3fd9d
2026-07-12T11:39:05.7928267Z Adding to the cache ...
2026-07-12T11:39:11.7074613Z Successfully cached go to /opt/hostedtoolcache/go/1.26.0/x64
2026-07-12T11:39:11.7077603Z Added go to the path
2026-07-12T11:39:11.7081192Z Successfully set up Go version 1.26.0
2026-07-12T11:39:11.7350397Z [command]/opt/hostedtoolcache/go/1.26.0/x64/bin/go env GOMODCACHE
2026-07-12T11:39:11.7394133Z [command]/opt/hostedtoolcache/go/1.26.0/x64/bin/go env GOCACHE
2026-07-12T11:39:11.7444836Z /home/runner/go/pkg/mod
2026-07-12T11:39:11.7466001Z /home/runner/.cache/go-build
2026-07-12T11:39:11.9906859Z Cache hit for: setup-go-Linux-x64-ubuntu24-go-1.26.0-5bde2d0ac4642f496b6c01f7f3a759b09e100d7f40364475db2c9ffdffe13560
2026-07-12T11:39:12.0026540Z (node:2334) [DEP0169] DeprecationWarning: `url.parse()` behavior is not standardized and prone to errors that have security implications. Use the WHATWG URL API instead. CVEs are not issued for `url.parse()` vulnerabilities.
2026-07-12T11:39:13.2751449Z Received 0 of 98989751 (0.0%), 0.0 MBs/sec
2026-07-12T11:39:14.2751357Z Received 92274688 of 98989751 (93.2%), 44.0 MBs/sec
2026-07-12T11:39:14.5512934Z Received 98989751 of 98989751 (100.0%), 41.5 MBs/sec
2026-07-12T11:39:14.5516473Z Cache Size: ~94 MB (98989751 B)
2026-07-12T11:39:14.5553904Z [command]/usr/bin/tar -xf /home/runner/work/_temp/1a5e31c6-c03a-4d6e-8fe6-de9f19e6715d/cache.tzst -P -C /home/runner/work/bgx/bgx --use-compress-program unzstd
2026-07-12T11:39:14.9501976Z Cache restored successfully
2026-07-12T11:39:14.9557038Z Cache restored from key: setup-go-Linux-x64-ubuntu24-go-1.26.0-5bde2d0ac4642f496b6c01f7f3a759b09e100d7f40364475db2c9ffdffe13560
2026-07-12T11:39:14.9581112Z go version go1.26.0 linux/amd64
2026-07-12T11:39:14.9581337Z 
2026-07-12T11:39:14.9581657Z ##[group]go env
2026-07-12T11:39:14.9750383Z AR='ar'
2026-07-12T11:39:14.9750821Z CC='gcc'
2026-07-12T11:39:14.9751213Z CGO_CFLAGS='-O2 -g'
2026-07-12T11:39:14.9751603Z CGO_CPPFLAGS=''
2026-07-12T11:39:14.9752017Z CGO_CXXFLAGS='-O2 -g'
2026-07-12T11:39:14.9752417Z CGO_ENABLED='1'
2026-07-12T11:39:14.9752911Z CGO_FFLAGS='-O2 -g'
2026-07-12T11:39:14.9753510Z CGO_LDFLAGS='-O2 -g'
2026-07-12T11:39:14.9753878Z CXX='g++'
2026-07-12T11:39:14.9754203Z GCCGO='gccgo'
2026-07-12T11:39:14.9754548Z GO111MODULE=''
2026-07-12T11:39:14.9754912Z GOAMD64='v1'
2026-07-12T11:39:14.9755243Z GOARCH='amd64'
2026-07-12T11:39:14.9755582Z GOAUTH='netrc'
2026-07-12T11:39:14.9755903Z GOBIN=''
2026-07-12T11:39:14.9756584Z GOCACHE='/home/runner/.cache/go-build'
2026-07-12T11:39:14.9756946Z GOCACHEPROG=''
2026-07-12T11:39:14.9757161Z GODEBUG=''
2026-07-12T11:39:14.9757378Z GOENV='/home/runner/.config/go/env'
2026-07-12T11:39:14.9757645Z GOEXE=''
2026-07-12T11:39:14.9757840Z GOEXPERIMENT=''
2026-07-12T11:39:14.9758061Z GOFIPS140='off'
2026-07-12T11:39:14.9758267Z GOFLAGS=''
2026-07-12T11:39:14.9758969Z GOGCCFLAGS='-fPIC -m64 -pthread -Wl,--no-gc-sections -fmessage-length=0 -ffile-prefix-map=/tmp/go-build2446490332=/tmp/go-build -gno-record-gcc-switches'
2026-07-12T11:39:14.9759736Z GOHOSTARCH='amd64'
2026-07-12T11:39:14.9759962Z GOHOSTOS='linux'
2026-07-12T11:39:14.9760179Z GOINSECURE=''
2026-07-12T11:39:14.9760433Z GOMOD='/home/runner/work/bgx/bgx/go.mod'
2026-07-12T11:39:14.9760767Z GOMODCACHE='/home/runner/go/pkg/mod'
2026-07-12T11:39:14.9761062Z GONOPROXY=''
2026-07-12T11:39:14.9761473Z GONOSUMDB=''
2026-07-12T11:39:14.9761790Z GOOS='linux'
2026-07-12T11:39:14.9762009Z GOPATH='/home/runner/go'
2026-07-12T11:39:14.9762261Z GOPRIVATE=''
2026-07-12T11:39:14.9762550Z GOPROXY='https://proxy.golang.org,direct'
2026-07-12T11:39:14.9762912Z GOROOT='/opt/hostedtoolcache/go/1.26.0/x64'
2026-07-12T11:39:14.9763492Z GOSUMDB='sum.golang.org'
2026-07-12T11:39:14.9763755Z GOTELEMETRY='local'
2026-07-12T11:39:14.9764045Z GOTELEMETRYDIR='/home/runner/.config/go/telemetry'
2026-07-12T11:39:14.9764383Z GOTMPDIR=''
2026-07-12T11:39:14.9764594Z GOTOOLCHAIN='auto'
2026-07-12T11:39:14.9764939Z GOTOOLDIR='/opt/hostedtoolcache/go/1.26.0/x64/pkg/tool/linux_amd64'
2026-07-12T11:39:14.9765332Z GOVCS=''
2026-07-12T11:39:14.9765536Z GOVERSION='go1.26.0'
2026-07-12T11:39:14.9765762Z GOWORK=''
2026-07-12T11:39:14.9765974Z PKG_CONFIG='pkg-config'
2026-07-12T11:39:14.9766132Z 
2026-07-12T11:39:14.9766461Z ##[endgroup]
2026-07-12T11:39:15.0050815Z Node 20 is being deprecated. This workflow is running with Node 24 by default. If you need to temporarily use Node 20, you can set the ACTIONS_ALLOW_USE_UNSECURE_NODE_VERSION=true environment variable. For more information see: https://github.blog/changelog/2025-09-19-deprecation-of-node-20-on-github-actions-runners/
2026-07-12T11:39:15.0052189Z ##[group]Run mlugg/setup-zig@v2
2026-07-12T11:39:15.0052440Z with:
2026-07-12T11:39:15.0052642Z   version: 0.15.2
2026-07-12T11:39:15.0052858Z   use-cache: false
2026-07-12T11:39:15.0053272Z   cache-size-limit: 2048
2026-07-12T11:39:15.0053519Z ##[endgroup]
2026-07-12T11:39:15.2514423Z Using tool-cache: false
2026-07-12T11:39:15.2520849Z Fetching zig-x86_64-linux-0.15.2.tar.xz
2026-07-12T11:39:15.5143362Z Cache hit for: setup-zig-tarball-zig-x86_64-linux-0.15.2
2026-07-12T11:39:16.8308835Z Received 0 of 53737147 (0.0%), 0.0 MBs/sec
2026-07-12T11:39:17.6730518Z Received 53737147 of 53737147 (100.0%), 27.8 MBs/sec
2026-07-12T11:39:17.6733005Z Cache Size: ~51 MB (53737147 B)
2026-07-12T11:39:17.6853698Z [command]/usr/bin/tar -xf /home/runner/work/_temp/8c978b6c-1d44-4736-b70b-35d23443d562/cache.tzst -P -C /home/runner/work/bgx/bgx --use-compress-program unzstd
2026-07-12T11:39:17.7550525Z Cache restored successfully
2026-07-12T11:39:17.7578301Z Fetch took 2506 ms
2026-07-12T11:39:17.7578630Z Extracting tarball zig-x86_64-linux-0.15.2.tar.xz
2026-07-12T11:39:17.7651315Z [command]/usr/bin/tar xJ --warning=no-unknown-keyword --overwrite -C /home/runner/work/_temp/4d4d430c-4f9c-425e-a793-3f057c4c92fe -f /home/runner/work/_temp/zig-x86_64-linux-0.15.2.tar.xz
2026-07-12T11:39:21.5506619Z Extract took 3793 ms
2026-07-12T11:39:21.5531158Z [command]/home/runner/work/_temp/4d4d430c-4f9c-425e-a793-3f057c4c92fe/zig-x86_64-linux-0.15.2/zig version
2026-07-12T11:39:21.5583767Z 0.15.2
2026-07-12T11:39:21.5598142Z Resolved Zig version 0.15.2
2026-07-12T11:39:21.5759510Z ##[group]Run lukka/get-cmake@latest
2026-07-12T11:39:21.5759834Z with:
2026-07-12T11:39:21.5760051Z   useCloudCache: true
2026-07-12T11:39:21.5760286Z   useLocalCache: false
2026-07-12T11:39:21.5760526Z env:
2026-07-12T11:39:21.5760790Z   ZIG_GLOBAL_CACHE_DIR: /home/runner/work/bgx/bgx/.zig-cache
2026-07-12T11:39:21.5761216Z   ZIG_LOCAL_CACHE_DIR: /home/runner/work/bgx/bgx/.zig-cache
2026-07-12T11:39:21.5761548Z ##[endgroup]
2026-07-12T11:39:21.7206709Z useCloudCache:true
2026-07-12T11:39:21.7207616Z useLocalCache:false
2026-07-12T11:39:21.7208051Z user defined cmake version:
2026-07-12T11:39:21.7208528Z user defined ninja version:
2026-07-12T11:39:21.7208955Z cmake version:latest
2026-07-12T11:39:21.7209342Z ninja version:latest
2026-07-12T11:39:21.7216472Z ##[group]Computing cache key from the downloads' URLs
2026-07-12T11:39:21.7217072Z Cache key: '-1445423603'.
2026-07-12T11:39:21.7218074Z Local install root: '/home/runner/work/_temp/-1445423603''.
2026-07-12T11:39:21.7219173Z ##[endgroup]
2026-07-12T11:39:21.7220155Z ##[group]Restoring from GitHub cloud cache using key '-1445423603' into '/home/runner/work/_temp/-1445423603'
2026-07-12T11:39:21.9727443Z Cache hit for: -1445423603
2026-07-12T11:39:23.2760610Z Received 0 of 63560749 (0.0%), 0.0 MBs/sec
2026-07-12T11:39:24.1315352Z Received 63560749 of 63560749 (100.0%), 32.7 MBs/sec
2026-07-12T11:39:24.1318112Z Cache Size: ~61 MB (63560749 B)
2026-07-12T11:39:24.1455535Z [command]/usr/bin/tar -xf /home/runner/work/_temp/47b7489d-4eca-4dc8-b28f-e6bf0709b57b/cache.tzst -P -C /home/runner/work/bgx/bgx --use-compress-program unzstd
2026-07-12T11:39:24.8603317Z Cache restored successfully
2026-07-12T11:39:24.8635172Z Cloud cache hit.
2026-07-12T11:39:24.8636277Z ##[endgroup]
2026-07-12T11:39:24.8639301Z ##[group]Add CMake and Ninja to PATH
2026-07-12T11:39:24.8640119Z CMake path: '/home/runner/work/_temp/-1445423603/cmake-4.3.4-linux-x86_64/bin/'
2026-07-12T11:39:24.8647348Z Ninja path: '/home/runner/work/_temp/-1445423603'
2026-07-12T11:39:24.8654747Z ##[group]Validating the installed CMake and Ninja
2026-07-12T11:39:24.8695592Z CMake actual path is: '/home/runner/work/_temp/-1445423603/cmake-4.3.4-linux-x86_64/bin/cmake'
2026-07-12T11:39:24.8696407Z Ninja actual path is: '/home/runner/work/_temp/-1445423603/ninja'
2026-07-12T11:39:24.8696966Z ##[endgroup]
2026-07-12T11:39:24.8697431Z ##[endgroup]
2026-07-12T11:39:24.8697905Z get-cmake action execution succeeded
2026-07-12T11:39:24.8891415Z ##[group]Run case "Linux" in
2026-07-12T11:39:24.8891821Z [36;1mcase "Linux" in[0m
2026-07-12T11:39:24.8892233Z [36;1m  Linux) sudo apt-get update && sudo apt-get install -y pkg-config ;;[0m
2026-07-12T11:39:24.8892813Z [36;1m  macOS) brew list pkg-config >/dev/null 2>&1 || brew install pkg-config ;;[0m
2026-07-12T11:39:24.8893843Z [36;1mesac[0m
2026-07-12T11:39:24.9261406Z shell: /usr/bin/bash --noprofile --norc -e -o pipefail {0}
2026-07-12T11:39:24.9261825Z env:
2026-07-12T11:39:24.9262110Z   ZIG_GLOBAL_CACHE_DIR: /home/runner/work/bgx/bgx/.zig-cache
2026-07-12T11:39:24.9262541Z   ZIG_LOCAL_CACHE_DIR: /home/runner/work/bgx/bgx/.zig-cache
2026-07-12T11:39:24.9262881Z ##[endgroup]
2026-07-12T11:39:25.2390078Z Get:1 file:/etc/apt/apt-mirrors.txt Mirrorlist [144 B]
2026-07-12T11:39:25.2602185Z Get:6 https://packages.microsoft.com/repos/azure-cli noble InRelease [3564 B]
2026-07-12T11:39:25.2826664Z Hit:2 http://azure.archive.ubuntu.com/ubuntu noble InRelease
2026-07-12T11:39:25.2828260Z Get:7 https://packages.microsoft.com/ubuntu/24.04/prod noble InRelease [3600 B]
2026-07-12T11:39:25.2841158Z Get:3 http://azure.archive.ubuntu.com/ubuntu noble-updates InRelease [126 kB]
2026-07-12T11:39:25.2916739Z Get:4 http://azure.archive.ubuntu.com/ubuntu noble-backports InRelease [126 kB]
2026-07-12T11:39:25.2929697Z Get:5 http://azure.archive.ubuntu.com/ubuntu noble-security InRelease [126 kB]
2026-07-12T11:39:25.3267289Z Get:8 https://dl.google.com/linux/chrome-stable/deb stable InRelease [1825 B]
2026-07-12T11:39:25.3881682Z Get:9 https://packages.microsoft.com/repos/azure-cli noble/main amd64 Packages [2314 B]
2026-07-12T11:39:25.5049147Z Get:10 https://packages.microsoft.com/ubuntu/24.04/prod noble/main amd64 Packages [214 kB]
2026-07-12T11:39:25.5106240Z Get:11 https://packages.microsoft.com/ubuntu/24.04/prod noble/main arm64 Packages [181 kB]
2026-07-12T11:39:25.5131906Z Get:12 https://packages.microsoft.com/ubuntu/24.04/prod noble/main armhf Packages [11.6 kB]
2026-07-12T11:39:25.5540698Z Get:13 http://azure.archive.ubuntu.com/ubuntu noble-updates/main amd64 Packages [1092 kB]
2026-07-12T11:39:25.5604966Z Get:14 http://azure.archive.ubuntu.com/ubuntu noble-updates/main Translation-en [269 kB]
2026-07-12T11:39:25.5628118Z Get:15 http://azure.archive.ubuntu.com/ubuntu noble-updates/main amd64 Components [181 kB]
2026-07-12T11:39:25.5646960Z Get:16 http://azure.archive.ubuntu.com/ubuntu noble-updates/universe amd64 Packages [1660 kB]
2026-07-12T11:39:25.5733973Z Get:17 http://azure.archive.ubuntu.com/ubuntu noble-updates/universe Translation-en [327 kB]
2026-07-12T11:39:25.5765241Z Get:18 http://azure.archive.ubuntu.com/ubuntu noble-updates/universe amd64 Components [388 kB]
2026-07-12T11:39:25.5842237Z Get:19 http://azure.archive.ubuntu.com/ubuntu noble-updates/restricted amd64 Packages [1225 kB]
2026-07-12T11:39:25.5903828Z Get:20 http://azure.archive.ubuntu.com/ubuntu noble-updates/restricted Translation-en [276 kB]
2026-07-12T11:39:25.5922599Z Get:21 http://azure.archive.ubuntu.com/ubuntu noble-updates/multiverse amd64 Components [940 B]
2026-07-12T11:39:25.6117741Z Get:22 http://azure.archive.ubuntu.com/ubuntu noble-backports/main amd64 Components [5744 B]
2026-07-12T11:39:25.6644399Z Get:23 http://azure.archive.ubuntu.com/ubuntu noble-backports/universe amd64 Components [10.5 kB]
2026-07-12T11:39:25.6661052Z Get:24 http://azure.archive.ubuntu.com/ubuntu noble-security/main amd64 Packages [827 kB]
2026-07-12T11:39:25.6720348Z Get:25 http://azure.archive.ubuntu.com/ubuntu noble-security/main Translation-en [187 kB]
2026-07-12T11:39:25.6744378Z Get:26 http://azure.archive.ubuntu.com/ubuntu noble-security/main amd64 Components [44.8 kB]
2026-07-12T11:39:25.6754504Z Get:27 http://azure.archive.ubuntu.com/ubuntu noble-security/main amd64 c-n-f Metadata [11.9 kB]
2026-07-12T11:39:25.6785289Z Get:28 http://azure.archive.ubuntu.com/ubuntu noble-security/universe amd64 Packages [1174 kB]
2026-07-12T11:39:25.6834702Z Get:29 http://azure.archive.ubuntu.com/ubuntu noble-security/universe Translation-en [231 kB]
2026-07-12T11:39:25.6851693Z Get:30 http://azure.archive.ubuntu.com/ubuntu noble-security/universe amd64 Components [76.3 kB]
2026-07-12T11:39:25.6865885Z Get:31 http://azure.archive.ubuntu.com/ubuntu noble-security/universe amd64 c-n-f Metadata [24.2 kB]
2026-07-12T11:39:25.7467182Z Get:32 https://dl.google.com/linux/chrome-stable/deb stable/main amd64 Packages [1216 B]
2026-07-12T11:39:31.2976408Z Fetched 8808 kB in 1s (6765 kB/s)
2026-07-12T11:39:32.0187512Z Reading package lists...
2026-07-12T11:39:32.0506325Z Reading package lists...
2026-07-12T11:39:32.2410348Z Building dependency tree...
2026-07-12T11:39:32.2417980Z Reading state information...
2026-07-12T11:39:32.4299908Z pkg-config is already the newest version (1.8.1-2build1).
2026-07-12T11:39:32.4301324Z 0 upgraded, 0 newly installed, 0 to remove and 38 not upgraded.
2026-07-12T11:39:32.4950638Z Node 20 is being deprecated. This workflow is running with Node 24 by default. If you need to temporarily use Node 20, you can set the ACTIONS_ALLOW_USE_UNSECURE_NODE_VERSION=true environment variable. For more information see: https://github.blog/changelog/2025-09-19-deprecation-of-node-20-on-github-actions-runners/
2026-07-12T11:39:32.4951952Z ##[group]Run actions/cache@v4
2026-07-12T11:39:32.4952212Z with:
2026-07-12T11:39:32.4952439Z   path: /home/runner/work/_temp/libghostty
2026-07-12T11:39:32.4952968Z   key: libghostty-v2-Linux-X64-5bde2d0ac4642f496b6c01f7f3a759b09e100d7f40364475db2c9ffdffe13560
2026-07-12T11:39:32.4953791Z   enableCrossOsArchive: false
2026-07-12T11:39:32.4954063Z   fail-on-cache-miss: false
2026-07-12T11:39:32.4954312Z   lookup-only: false
2026-07-12T11:39:32.4954536Z   save-always: false
2026-07-12T11:39:32.4954755Z env:
2026-07-12T11:39:32.4955020Z   ZIG_GLOBAL_CACHE_DIR: /home/runner/work/bgx/bgx/.zig-cache
2026-07-12T11:39:32.4955482Z   ZIG_LOCAL_CACHE_DIR: /home/runner/work/bgx/bgx/.zig-cache
2026-07-12T11:39:32.4955818Z ##[endgroup]
2026-07-12T11:39:32.6058213Z (node:2859) [DEP0040] DeprecationWarning: The `punycode` module is deprecated. Please use a userland alternative instead.
2026-07-12T11:39:32.6059553Z (Use `node --trace-deprecation ...` to show where the warning was created)
2026-07-12T11:39:32.8511147Z Cache not found for input keys: libghostty-v2-Linux-X64-5bde2d0ac4642f496b6c01f7f3a759b09e100d7f40364475db2c9ffdffe13560
2026-07-12T11:39:32.8599004Z ##[group]Run work="$RUNNER_TEMP/libghostty"
2026-07-12T11:39:32.8599415Z [36;1mwork="$RUNNER_TEMP/libghostty"[0m
2026-07-12T11:39:32.8599725Z [36;1mif [ ! -d "$work/build" ]; then[0m
2026-07-12T11:39:32.8600069Z [36;1m  go mod download go.mitchellh.com/libghostty[0m
2026-07-12T11:39:32.8600503Z [36;1m  src="$(go list -m -f '{{.Dir}}' go.mitchellh.com/libghostty)"[0m
2026-07-12T11:39:32.8600949Z [36;1m  cp -R "$src" "$work"[0m
2026-07-12T11:39:32.8601235Z [36;1m  chmod -R u+w "$work"[0m
2026-07-12T11:39:32.8601592Z [36;1m  cmake -S "$work" -B "$work/build" -DCMAKE_BUILD_TYPE=Release \[0m
2026-07-12T11:39:32.8602077Z [36;1m    -DGHOSTTY_VT_CROSS_TARGETS="linux-amd64=x86_64-linux-gnu"[0m
2026-07-12T11:39:32.8602560Z [36;1m  cmake --build "$work/build" --target "zig_build_lib_vt_linux-amd64"[0m
2026-07-12T11:39:32.8602950Z [36;1mfi[0m
2026-07-12T11:39:32.8603771Z [36;1mprefix="$work/build/ghostty-linux-amd64"[0m
2026-07-12T11:39:32.8604292Z [36;1m# Defensively pin the generated pkg-config prefix to where the[0m
2026-07-12T11:39:32.8604856Z [36;1m# cross-target artifacts actually landed. zig bakes an absolute install[0m
2026-07-12T11:39:32.8605382Z [36;1m# prefix into these .pc files, and a mismatched prefix leaves the[0m
2026-07-12T11:39:32.8605893Z [36;1m# static .pc pointing at an archive path that does not exist, breaking[0m
2026-07-12T11:39:32.8606290Z [36;1m# the cgo link.[0m
2026-07-12T11:39:32.8606592Z [36;1mfor pc in "$prefix"/share/pkgconfig/*.pc; do[0m
2026-07-12T11:39:32.8606914Z [36;1m  tmp="$(mktemp)"[0m
2026-07-12T11:39:32.8607228Z [36;1m  sed "s|^prefix=.*|prefix=$prefix|" "$pc" >"$tmp"[0m
2026-07-12T11:39:32.8607557Z [36;1m  mv "$tmp" "$pc"[0m
2026-07-12T11:39:32.8607792Z [36;1mdone[0m
2026-07-12T11:39:32.8608138Z [36;1mprintf 'PKG_CONFIG_PATH=%s/share/pkgconfig\n' "$prefix" >> "$GITHUB_ENV"[0m
2026-07-12T11:39:32.8641366Z shell: /usr/bin/bash --noprofile --norc -e -o pipefail {0}
2026-07-12T11:39:32.8641751Z env:
2026-07-12T11:39:32.8642044Z   ZIG_GLOBAL_CACHE_DIR: /home/runner/work/bgx/bgx/.zig-cache
2026-07-12T11:39:32.8642482Z   ZIG_LOCAL_CACHE_DIR: /home/runner/work/bgx/bgx/.zig-cache
2026-07-12T11:39:32.8642833Z ##[endgroup]
2026-07-12T11:39:33.0168633Z -- The C compiler identification is GNU 13.3.0
2026-07-12T11:39:33.0267624Z -- Detecting C compiler ABI info
2026-07-12T11:39:33.1251785Z -- Detecting C compiler ABI info - done
2026-07-12T11:39:33.1485431Z -- Check for working C compiler: /usr/bin/cc - skipped
2026-07-12T11:39:33.1489155Z -- Detecting C compile features
2026-07-12T11:39:33.1493987Z -- Detecting C compile features - done
2026-07-12T11:39:38.8909926Z -- Found zig: /home/runner/work/_temp/4d4d430c-4f9c-425e-a793-3f057c4c92fe/zig-x86_64-linux-0.15.2/zig
2026-07-12T11:39:38.8958009Z -- Configuring done (6.0s)
2026-07-12T11:39:38.8996098Z -- Generating done (0.0s)
2026-07-12T11:39:38.9000463Z -- Build files have been written to: /home/runner/work/_temp/libghostty/build
2026-07-12T11:39:38.9211248Z [100%] Building libghostty-vt for x86_64-linux-gnu...
2026-07-12T11:41:34.8940276Z [100%] Built target zig_build_lib_vt_linux-amd64
2026-07-12T11:41:34.9107020Z ##[group]Run go test $(go list ./... | grep -v '/e2e$')
2026-07-12T11:41:34.9107773Z [36;1mgo test $(go list ./... | grep -v '/e2e$')[0m
2026-07-12T11:41:34.9156260Z shell: /usr/bin/bash --noprofile --norc -e -o pipefail {0}
2026-07-12T11:41:34.9156678Z env:
2026-07-12T11:41:34.9156968Z   ZIG_GLOBAL_CACHE_DIR: /home/runner/work/bgx/bgx/.zig-cache
2026-07-12T11:41:34.9157418Z   ZIG_LOCAL_CACHE_DIR: /home/runner/work/bgx/bgx/.zig-cache
2026-07-12T11:41:34.9157968Z   PKG_CONFIG_PATH: /home/runner/work/_temp/libghostty/build/ghostty-linux-amd64/share/pkgconfig
2026-07-12T11:41:34.9158444Z ##[endgroup]
2026-07-12T11:41:35.7570474Z # github.com/sidedotdev/bgx/daemon.test
2026-07-12T11:41:35.7571136Z /opt/hostedtoolcache/go/1.26.0/x64/pkg/tool/linux_amd64/link: running gcc failed: exit status 1
2026-07-12T11:41:35.7581542Z /usr/bin/gcc -m64 -s -Wl,--build-id=0x6210e309fbdcb6172e0171f58a07f2f8db8f6e15 -o $WORK/b168/daemon.test -Wl,--export-dynamic-symbol=_cgo_panic -Wl,--export-dynamic-symbol=_cgo_topofstack -Wl,--export-dynamic-symbol=crosscall2 -Wl,--export-dynamic-symbol=goBellTrampoline -Wl,--export-dynamic-symbol=goColorSchemeTrampoline -Wl,--export-dynamic-symbol=goDeviceAttributesTrampoline -Wl,--export-dynamic-symbol=goEnquiryTrampoline -Wl,--export-dynamic-symbol=goSizeTrampoline -Wl,--export-dynamic-symbol=goSysDecodePngTrampoline -Wl,--export-dynamic-symbol=goSysLogTrampoline -Wl,--export-dynamic-symbol=goTitleChangedTrampoline -Wl,--export-dynamic-symbol=goWritePtyTrampoline -Wl,--export-dynamic-symbol=goXtversionTrampoline -Wl,--compress-debug-sections=zlib /tmp/go-link-3346242720/go.o /tmp/go-link-3346242720/000000.o /tmp/go-link-3346242720/000001.o /tmp/go-link-3346242720/000002.o /tmp/go-link-3346242720/000003.o /tmp/go-link-3346242720/000004.o /tmp/go-link-3346242720/000005.o /tmp/go-link-3346242720/000006.o /tmp/go-link-3346242720/000007.o /tmp/go-link-3346242720/000008.o /tmp/go-link-3346242720/000009.o /tmp/go-link-3346242720/000010.o /tmp/go-link-3346242720/000011.o /tmp/go-link-3346242720/000012.o /tmp/go-link-3346242720/000013.o /tmp/go-link-3346242720/000014.o /tmp/go-link-3346242720/000015.o /tmp/go-link-3346242720/000016.o /tmp/go-link-3346242720/000017.o /tmp/go-link-3346242720/000018.o /tmp/go-link-3346242720/000019.o /tmp/go-link-3346242720/000020.o /tmp/go-link-3346242720/000021.o /tmp/go-link-3346242720/000022.o /tmp/go-link-3346242720/000023.o /tmp/go-link-3346242720/000024.o /tmp/go-link-3346242720/000025.o /tmp/go-link-3346242720/000026.o /tmp/go-link-3346242720/000027.o /tmp/go-link-3346242720/000028.o /tmp/go-link-3346242720/000029.o /tmp/go-link-3346242720/000030.o /tmp/go-link-3346242720/000031.o /tmp/go-link-3346242720/000032.o /tmp/go-link-3346242720/000033.o /tmp/go-link-3346242720/000034.o /tmp/go-link-3346242720/000035.o /tmp/go-link-3346242720/000036.o /tmp/go-link-3346242720/000037.o /tmp/go-link-3346242720/000038.o /tmp/go-link-3346242720/000039.o /tmp/go-link-3346242720/000040.o /tmp/go-link-3346242720/000041.o /tmp/go-link-3346242720/000042.o /tmp/go-link-3346242720/000043.o /tmp/go-link-3346242720/000044.o /tmp/go-link-3346242720/000045.o /tmp/go-link-3346242720/000046.o /tmp/go-link-3346242720/000047.o /tmp/go-link-3346242720/000048.o /tmp/go-link-3346242720/000049.o /tmp/go-link-3346242720/000050.o /tmp/go-link-3346242720/000051.o /tmp/go-link-3346242720/000052.o /tmp/go-link-3346242720/000053.o -O2 -g -lresolv -O2 -g -lpthread -O2 -g /home/runner/work/_temp/libghostty/build/_deps/ghostty-src/zig-out/lib/libghostty-vt.a -no-pie
2026-07-12T11:41:35.7592488Z /usr/bin/ld: cannot find /home/runner/work/_temp/libghostty/build/_deps/ghostty-src/zig-out/lib/libghostty-vt.a: No such file or directory
2026-07-12T11:41:35.7593591Z collect2: error: ld returned 1 exit status
2026-07-12T11:41:35.7593968Z 
2026-07-12T11:41:35.7865874Z # github.com/sidedotdev/bgx.test
2026-07-12T11:41:35.7867142Z /opt/hostedtoolcache/go/1.26.0/x64/pkg/tool/linux_amd64/link: running gcc failed: exit status 1
2026-07-12T11:41:35.7879338Z /usr/bin/gcc -m64 -s -Wl,--build-id=0xc337c0ef5ef1f0d88938fe3c8ac3fa772a71b480 -o $WORK/b001/bgx.test -Wl,--export-dynamic-symbol=_cgo_panic -Wl,--export-dynamic-symbol=_cgo_topofstack -Wl,--export-dynamic-symbol=crosscall2 -Wl,--export-dynamic-symbol=goBellTrampoline -Wl,--export-dynamic-symbol=goColorSchemeTrampoline -Wl,--export-dynamic-symbol=goDeviceAttributesTrampoline -Wl,--export-dynamic-symbol=goEnquiryTrampoline -Wl,--export-dynamic-symbol=goSizeTrampoline -Wl,--export-dynamic-symbol=goSysDecodePngTrampoline -Wl,--export-dynamic-symbol=goSysLogTrampoline -Wl,--export-dynamic-symbol=goTitleChangedTrampoline -Wl,--export-dynamic-symbol=goWritePtyTrampoline -Wl,--export-dynamic-symbol=goXtversionTrampoline -Wl,--compress-debug-sections=zlib /tmp/go-link-61102575/go.o /tmp/go-link-61102575/000000.o /tmp/go-link-61102575/000001.o /tmp/go-link-61102575/000002.o /tmp/go-link-61102575/000003.o /tmp/go-link-61102575/000004.o /tmp/go-link-61102575/000005.o /tmp/go-link-61102575/000006.o /tmp/go-link-61102575/000007.o /tmp/go-link-61102575/000008.o /tmp/go-link-61102575/000009.o /tmp/go-link-61102575/000010.o /tmp/go-link-61102575/000011.o /tmp/go-link-61102575/000012.o /tmp/go-link-61102575/000013.o /tmp/go-link-61102575/000014.o /tmp/go-link-61102575/000015.o /tmp/go-link-61102575/000016.o /tmp/go-link-61102575/000017.o /tmp/go-link-61102575/000018.o /tmp/go-link-61102575/000019.o /tmp/go-link-61102575/000020.o /tmp/go-link-61102575/000021.o /tmp/go-link-61102575/000022.o /tmp/go-link-61102575/000023.o /tmp/go-link-61102575/000024.o /tmp/go-link-61102575/000025.o /tmp/go-link-61102575/000026.o /tmp/go-link-61102575/000027.o /tmp/go-link-61102575/000028.o /tmp/go-link-61102575/000029.o /tmp/go-link-61102575/000030.o /tmp/go-link-61102575/000031.o /tmp/go-link-61102575/000032.o /tmp/go-link-61102575/000033.o /tmp/go-link-61102575/000034.o /tmp/go-link-61102575/000035.o /tmp/go-link-61102575/000036.o /tmp/go-link-61102575/000037.o /tmp/go-link-61102575/000038.o /tmp/go-link-61102575/000039.o /tmp/go-link-61102575/000040.o /tmp/go-link-61102575/000041.o /tmp/go-link-61102575/000042.o /tmp/go-link-61102575/000043.o /tmp/go-link-61102575/000044.o /tmp/go-link-61102575/000045.o /tmp/go-link-61102575/000046.o /tmp/go-link-61102575/000047.o /tmp/go-link-61102575/000048.o /tmp/go-link-61102575/000049.o /tmp/go-link-61102575/000050.o /tmp/go-link-61102575/000051.o /tmp/go-link-61102575/000052.o /tmp/go-link-61102575/000053.o -O2 -g -lresolv -O2 -g -lpthread -O2 -g /home/runner/work/_temp/libghostty/build/_deps/ghostty-src/zig-out/lib/libghostty-vt.a -no-pie
2026-07-12T11:41:35.7889056Z /usr/bin/ld: cannot find /home/runner/work/_temp/libghostty/build/_deps/ghostty-src/zig-out/lib/libghostty-vt.a: No such file or directory
2026-07-12T11:41:35.7889736Z collect2: error: ld returned 1 exit status
2026-07-12T11:41:35.7889942Z 
2026-07-12T11:41:35.7890157Z FAIL	github.com/sidedotdev/bgx [build failed]
2026-07-12T11:41:35.7890541Z FAIL	github.com/sidedotdev/bgx/daemon [build failed]
2026-07-12T11:41:35.7890923Z ok  	github.com/sidedotdev/bgx/scrollback	(cached)
2026-07-12T11:41:35.7891278Z ok  	github.com/sidedotdev/bgx/vt	(cached)
2026-07-12T11:41:35.7891606Z ok  	github.com/sidedotdev/bgx/vtscan	(cached)
2026-07-12T11:41:35.7891896Z FAIL
2026-07-12T11:41:35.8169922Z ##[error]Process completed with exit code 1.
2026-07-12T11:41:35.8296463Z Node 20 is being deprecated. This workflow is running with Node 24 by default. If you need to temporarily use Node 20, you can set the ACTIONS_ALLOW_USE_UNSECURE_NODE_VERSION=true environment variable. For more information see: https://github.blog/changelog/2025-09-19-deprecation-of-node-20-on-github-actions-runners/
2026-07-12T11:41:35.8297972Z Post job cleanup.
2026-07-12T11:41:36.0872239Z Node 20 is being deprecated. This workflow is running with Node 24 by default. If you need to temporarily use Node 20, you can set the ACTIONS_ALLOW_USE_UNSECURE_NODE_VERSION=true environment variable. For more information see: https://github.blog/changelog/2025-09-19-deprecation-of-node-20-on-github-actions-runners/
2026-07-12T11:41:36.0874657Z Post job cleanup.
2026-07-12T11:41:36.1851469Z [command]/usr/bin/git version
2026-07-12T11:41:36.1899457Z git version 2.54.0
2026-07-12T11:41:36.1941974Z Temporarily overriding HOME='/home/runner/work/_temp/7c666829-1749-4ef6-819c-3a1ceb0c6ea9' before making global git config changes
2026-07-12T11:41:36.1943580Z Adding repository directory to the temporary git global config as a safe directory
2026-07-12T11:41:36.1948658Z [command]/usr/bin/git config --global --add safe.directory /home/runner/work/bgx/bgx
2026-07-12T11:41:36.1991052Z [command]/usr/bin/git config --local --name-only --get-regexp core\.sshCommand
2026-07-12T11:41:36.2032165Z [command]/usr/bin/git submodule foreach --recursive sh -c "git config --local --name-only --get-regexp 'core\.sshCommand' && git config --local --unset-all 'core.sshCommand' || :"
2026-07-12T11:41:36.2294422Z [command]/usr/bin/git config --local --name-only --get-regexp http\.https\:\/\/github\.com\/\.extraheader
2026-07-12T11:41:36.2329167Z http.https://github.com/.extraheader
2026-07-12T11:41:36.2342632Z [command]/usr/bin/git config --local --unset-all http.https://github.com/.extraheader
2026-07-12T11:41:36.2377671Z [command]/usr/bin/git submodule foreach --recursive sh -c "git config --local --name-only --get-regexp 'http\.https\:\/\/github\.com\/\.extraheader' && git config --local --unset-all 'http.https://github.com/.extraheader' || :"
2026-07-12T11:41:36.2685977Z [command]/usr/bin/git config --local --name-only --get-regexp ^includeIf\.gitdir:
2026-07-12T11:41:36.2725757Z [command]/usr/bin/git submodule foreach --recursive git config --local --show-origin --name-only --get-regexp remote.origin.url
2026-07-12T11:41:36.3124295Z Cleaning up orphan processes
2026-07-12T11:41:36.3527479Z ##[warning]Node.js 20 is deprecated. The following actions target Node.js 20 but are being forced to run on Node.js 24: actions/cache@v4, actions/checkout@v4, actions/setup-go@v5, mlugg/setup-zig@v2. For more information see: https://github.blog/changelog/2025-09-19-deprecation-of-node-20-on-github-actions-runners/
