2026-07-13T11:38:11.2806186Z Current runner version: '2.335.1'
2026-07-13T11:38:11.2831544Z ##[group]Runner Image Provisioner
2026-07-13T11:38:11.2832408Z Hosted Compute Agent
2026-07-13T11:38:11.2832952Z Version: 20260624.560
2026-07-13T11:38:11.2833563Z Commit: 925d229a51159bc391ae97e54a2dd1fe20af789d
2026-07-13T11:38:11.2834276Z Build Date: 2026-06-24T18:26:47Z
2026-07-13T11:38:11.2834893Z Worker ID: {7dee762c-ec33-4a3b-814b-e2d8c0c40342}
2026-07-13T11:38:11.2835601Z Azure Region: westcentralus
2026-07-13T11:38:11.2836206Z ##[endgroup]
2026-07-13T11:38:11.2837499Z ##[group]Operating System
2026-07-13T11:38:11.2838293Z Ubuntu
2026-07-13T11:38:11.2838805Z 24.04.4
2026-07-13T11:38:11.2839686Z LTS
2026-07-13T11:38:11.2840192Z ##[endgroup]
2026-07-13T11:38:11.2840695Z ##[group]Runner Image
2026-07-13T11:38:11.2841310Z Image: ubuntu-24.04
2026-07-13T11:38:11.2841852Z Version: 20260705.232.1
2026-07-13T11:38:11.2843067Z Included Software: https://github.com/actions/runner-images/blob/ubuntu24/20260705.232/images/ubuntu/Ubuntu2404-Readme.md
2026-07-13T11:38:11.2844468Z Image Release: https://github.com/actions/runner-images/releases/tag/ubuntu24%2F20260705.232
2026-07-13T11:38:11.2845393Z ##[endgroup]
2026-07-13T11:38:11.2846382Z ##[group]GITHUB_TOKEN Permissions
2026-07-13T11:38:11.2848892Z Contents: write
2026-07-13T11:38:11.2849451Z Metadata: read
2026-07-13T11:38:11.2849988Z ##[endgroup]
2026-07-13T11:38:11.2852339Z Secret source: Actions
2026-07-13T11:38:11.2853067Z Prepare workflow directory
2026-07-13T11:38:11.3172161Z Prepare all required actions
2026-07-13T11:38:11.3212227Z Getting action download info
2026-07-13T11:38:11.6550333Z Download action repository 'actions/checkout@v4' (SHA:34e114876b0b11c390a56381ad16ebd13914f8d5)
2026-07-13T11:38:11.7203475Z Download action repository 'actions/setup-go@v5' (SHA:40f1582b2485089dde7abd97c1529aa768e1baff)
2026-07-13T11:38:13.1099481Z Download action repository 'mlugg/setup-zig@v2' (SHA:d1434d08867e3ee9daa34448df10607b98908d29)
2026-07-13T11:38:16.3002970Z Download action repository 'lukka/get-cmake@latest' (SHA:80ed063af494e28dd56b85fb7a630f2f8f55ceed)
2026-07-13T11:38:16.9138838Z Download action repository 'actions/cache@v4' (SHA:0057852bfaa89a56745cba8c7296529d2fc39830)
2026-07-13T11:38:17.1524876Z Download action repository 'actions/upload-artifact@v4' (SHA:ea165f8d65b6e75b540449e92b4886f43607fa02)
2026-07-13T11:38:17.4139502Z Complete job name: build linux/amd64
2026-07-13T11:38:17.4756108Z Node 20 is being deprecated. This workflow is running with Node 24 by default. If you need to temporarily use Node 20, you can set the ACTIONS_ALLOW_USE_UNSECURE_NODE_VERSION=true environment variable. For more information see: https://github.blog/changelog/2025-09-19-deprecation-of-node-20-on-github-actions-runners/
2026-07-13T11:38:17.4763965Z ##[group]Run actions/checkout@v4
2026-07-13T11:38:17.4764418Z with:
2026-07-13T11:38:17.4764653Z   repository: sidedotdev/bgx
2026-07-13T11:38:17.4767297Z   token: ***
2026-07-13T11:38:17.4767528Z   ssh-strict: true
2026-07-13T11:38:17.4768008Z   ssh-user: git
2026-07-13T11:38:17.4768288Z   persist-credentials: true
2026-07-13T11:38:17.4768552Z   clean: true
2026-07-13T11:38:17.4768793Z   sparse-checkout-cone-mode: true
2026-07-13T11:38:17.4769071Z   fetch-depth: 1
2026-07-13T11:38:17.4769285Z   fetch-tags: false
2026-07-13T11:38:17.4769524Z   show-progress: true
2026-07-13T11:38:17.4769752Z   lfs: false
2026-07-13T11:38:17.4770015Z   submodules: false
2026-07-13T11:38:17.4770240Z   set-safe-directory: true
2026-07-13T11:38:17.4770634Z ##[endgroup]
2026-07-13T11:38:17.5758399Z Syncing repository: sidedotdev/bgx
2026-07-13T11:38:17.5760729Z ##[group]Getting Git version info
2026-07-13T11:38:17.5761212Z Working directory is '/home/runner/work/bgx/bgx'
2026-07-13T11:38:17.5761789Z [command]/usr/bin/git version
2026-07-13T11:38:17.5829795Z git version 2.54.0
2026-07-13T11:38:17.5862846Z ##[endgroup]
2026-07-13T11:38:17.5878522Z Temporarily overriding HOME='/home/runner/work/_temp/15b6147d-9f4c-46d6-803a-a1e3bba467d5' before making global git config changes
2026-07-13T11:38:17.5880352Z Adding repository directory to the temporary git global config as a safe directory
2026-07-13T11:38:17.5884616Z [command]/usr/bin/git config --global --add safe.directory /home/runner/work/bgx/bgx
2026-07-13T11:38:17.5936876Z Deleting the contents of '/home/runner/work/bgx/bgx'
2026-07-13T11:38:17.5941459Z ##[group]Initializing the repository
2026-07-13T11:38:17.5946899Z [command]/usr/bin/git init /home/runner/work/bgx/bgx
2026-07-13T11:38:17.6041531Z hint: Using 'master' as the name for the initial branch. This default branch name
2026-07-13T11:38:17.6043456Z hint: will change to "main" in Git 3.0. To configure the initial branch name
2026-07-13T11:38:17.6044907Z hint: to use in all of your new repositories, which will suppress this warning,
2026-07-13T11:38:17.6045833Z hint: call:
2026-07-13T11:38:17.6046546Z hint:
2026-07-13T11:38:17.6048963Z hint: 	git config --global init.defaultBranch <name>
2026-07-13T11:38:17.6049864Z hint:
2026-07-13T11:38:17.6051470Z hint: Names commonly chosen instead of 'master' are 'main', 'trunk' and
2026-07-13T11:38:17.6052502Z hint: 'development'. The just-created branch can be renamed via this command:
2026-07-13T11:38:17.6053198Z hint:
2026-07-13T11:38:17.6053777Z hint: 	git branch -m <name>
2026-07-13T11:38:17.6054273Z hint:
2026-07-13T11:38:17.6055266Z hint: Disable this message with "git config set advice.defaultBranchName false"
2026-07-13T11:38:17.6056269Z Initialized empty Git repository in /home/runner/work/bgx/bgx/.git/
2026-07-13T11:38:17.6058075Z [command]/usr/bin/git remote add origin https://github.com/sidedotdev/bgx
2026-07-13T11:38:17.6760482Z ##[endgroup]
2026-07-13T11:38:17.6761242Z ##[group]Disabling automatic garbage collection
2026-07-13T11:38:17.6765158Z [command]/usr/bin/git config --local gc.auto 0
2026-07-13T11:38:17.7260697Z ##[endgroup]
2026-07-13T11:38:17.7261207Z ##[group]Setting up auth
2026-07-13T11:38:17.7271748Z [command]/usr/bin/git config --local --name-only --get-regexp core\.sshCommand
2026-07-13T11:38:17.7313027Z [command]/usr/bin/git submodule foreach --recursive sh -c "git config --local --name-only --get-regexp 'core\.sshCommand' && git config --local --unset-all 'core.sshCommand' || :"
2026-07-13T11:38:17.8092300Z [command]/usr/bin/git config --local --name-only --get-regexp http\.https\:\/\/github\.com\/\.extraheader
2026-07-13T11:38:17.8125183Z [command]/usr/bin/git submodule foreach --recursive sh -c "git config --local --name-only --get-regexp 'http\.https\:\/\/github\.com\/\.extraheader' && git config --local --unset-all 'http.https://github.com/.extraheader' || :"
2026-07-13T11:38:17.8315548Z [command]/usr/bin/git config --local --name-only --get-regexp ^includeIf\.gitdir:
2026-07-13T11:38:17.8345884Z [command]/usr/bin/git submodule foreach --recursive git config --local --show-origin --name-only --get-regexp remote.origin.url
2026-07-13T11:38:17.8540497Z [command]/usr/bin/git config --local http.https://github.com/.extraheader AUTHORIZATION: basic ***
2026-07-13T11:38:17.8575487Z ##[endgroup]
2026-07-13T11:38:17.8576655Z ##[group]Fetching the repository
2026-07-13T11:38:17.8586039Z [command]/usr/bin/git -c protocol.version=2 fetch --no-tags --prune --no-recurse-submodules --depth=1 origin +e9162792a836ae9127314eac85dd71429178100f:refs/tags/v0.2.0
2026-07-13T11:38:18.3256997Z From https://github.com/sidedotdev/bgx
2026-07-13T11:38:18.3258374Z  * [new ref]         e9162792a836ae9127314eac85dd71429178100f -> v0.2.0
2026-07-13T11:38:18.3291571Z ##[endgroup]
2026-07-13T11:38:18.3299826Z ##[group]Determining the checkout info
2026-07-13T11:38:18.3307863Z ##[endgroup]
2026-07-13T11:38:18.3308473Z [command]/usr/bin/git sparse-checkout disable
2026-07-13T11:38:18.3344200Z [command]/usr/bin/git config --local --unset-all extensions.worktreeConfig
2026-07-13T11:38:18.3374074Z ##[group]Checking out the ref
2026-07-13T11:38:18.3379939Z [command]/usr/bin/git checkout --progress --force refs/tags/v0.2.0
2026-07-13T11:38:18.3456202Z Note: switching to 'refs/tags/v0.2.0'.
2026-07-13T11:38:18.3456957Z 
2026-07-13T11:38:18.3457487Z You are in 'detached HEAD' state. You can look around, make experimental
2026-07-13T11:38:18.3459565Z changes and commit them, and you can discard any commits you make in this
2026-07-13T11:38:18.3460888Z state without impacting any branches by switching back to a branch.
2026-07-13T11:38:18.3461559Z 
2026-07-13T11:38:18.3462187Z If you want to create a new branch to retain commits you create, you may
2026-07-13T11:38:18.3463433Z do so (now or later) by using -c with the switch command. Example:
2026-07-13T11:38:18.3464179Z 
2026-07-13T11:38:18.3465151Z   git switch -c <new-branch-name>
2026-07-13T11:38:18.3465606Z 
2026-07-13T11:38:18.3465822Z Or undo this operation with:
2026-07-13T11:38:18.3466369Z 
2026-07-13T11:38:18.3466565Z   git switch -
2026-07-13T11:38:18.3466818Z 
2026-07-13T11:38:18.3467282Z Turn off this advice by setting config variable advice.detachedHead to false
2026-07-13T11:38:18.3468090Z 
2026-07-13T11:38:18.3468663Z HEAD is now at e916279 Rewrite static .pc to absolute archive path and assert pkg-config resolution
2026-07-13T11:38:18.3471036Z ##[endgroup]
2026-07-13T11:38:18.3509540Z [command]/usr/bin/git log -1 --format=%H
2026-07-13T11:38:18.3536630Z e9162792a836ae9127314eac85dd71429178100f
2026-07-13T11:38:18.3803238Z Node 20 is being deprecated. This workflow is running with Node 24 by default. If you need to temporarily use Node 20, you can set the ACTIONS_ALLOW_USE_UNSECURE_NODE_VERSION=true environment variable. For more information see: https://github.blog/changelog/2025-09-19-deprecation-of-node-20-on-github-actions-runners/
2026-07-13T11:38:18.3805010Z ##[group]Run actions/setup-go@v5
2026-07-13T11:38:18.3805385Z with:
2026-07-13T11:38:18.3805669Z   go-version-file: go.mod
2026-07-13T11:38:18.3806027Z   check-latest: false
2026-07-13T11:38:18.3808916Z   token: ***
2026-07-13T11:38:18.3809223Z   cache: true
2026-07-13T11:38:18.3809523Z ##[endgroup]
2026-07-13T11:38:18.5130548Z Setup go version spec 1.26.0
2026-07-13T11:38:18.5152932Z Attempting to download 1.26.0...
2026-07-13T11:38:18.5264407Z (node:2379) [DEP0040] DeprecationWarning: The `punycode` module is deprecated. Please use a userland alternative instead.
2026-07-13T11:38:18.5266043Z (Use `node --trace-deprecation ...` to show where the warning was created)
2026-07-13T11:38:19.3193597Z matching 1.26.0...
2026-07-13T11:38:19.3225515Z Acquiring 1.26.0 from https://github.com/actions/go-versions/releases/download/1.26.0-21889650668/go-1.26.0-linux-x64.tar.gz
2026-07-13T11:38:20.0304102Z Extracting Go...
2026-07-13T11:38:20.0395726Z [command]/usr/bin/tar xz --warning=no-unknown-keyword --overwrite -C /home/runner/work/_temp/b725933e-365f-4fcc-9a61-57c851cb6883 -f /home/runner/work/_temp/8e1a4772-ccda-4b20-885a-a830e2b7ddec
2026-07-13T11:38:21.6309701Z Successfully extracted go to /home/runner/work/_temp/b725933e-365f-4fcc-9a61-57c851cb6883
2026-07-13T11:38:21.6310451Z Adding to the cache ...
2026-07-13T11:38:26.9971213Z Successfully cached go to /opt/hostedtoolcache/go/1.26.0/x64
2026-07-13T11:38:26.9971935Z Added go to the path
2026-07-13T11:38:26.9975130Z Successfully set up Go version 1.26.0
2026-07-13T11:38:27.0191110Z [command]/opt/hostedtoolcache/go/1.26.0/x64/bin/go env GOMODCACHE
2026-07-13T11:38:27.0234992Z [command]/opt/hostedtoolcache/go/1.26.0/x64/bin/go env GOCACHE
2026-07-13T11:38:27.0263342Z /home/runner/go/pkg/mod
2026-07-13T11:38:27.0283764Z /home/runner/.cache/go-build
2026-07-13T11:38:27.2212610Z Cache hit for: setup-go-Linux-x64-ubuntu24-go-1.26.0-5bde2d0ac4642f496b6c01f7f3a759b09e100d7f40364475db2c9ffdffe13560
2026-07-13T11:38:27.2318379Z (node:2379) [DEP0169] DeprecationWarning: `url.parse()` behavior is not standardized and prone to errors that have security implications. Use the WHATWG URL API instead. CVEs are not issued for `url.parse()` vulnerabilities.
2026-07-13T11:38:28.4388650Z Received 37748736 of 98989751 (38.1%), 35.9 MBs/sec
2026-07-13T11:38:28.8273262Z Received 98989751 of 98989751 (100.0%), 67.9 MBs/sec
2026-07-13T11:38:28.8273887Z Cache Size: ~94 MB (98989751 B)
2026-07-13T11:38:28.8393802Z [command]/usr/bin/tar -xf /home/runner/work/_temp/7e27eb0b-57ed-4b42-b5e1-660d86ef76f7/cache.tzst -P -C /home/runner/work/bgx/bgx --use-compress-program unzstd
2026-07-13T11:38:29.0761150Z Cache restored successfully
2026-07-13T11:38:29.0805059Z Cache restored from key: setup-go-Linux-x64-ubuntu24-go-1.26.0-5bde2d0ac4642f496b6c01f7f3a759b09e100d7f40364475db2c9ffdffe13560
2026-07-13T11:38:29.0828205Z go version go1.26.0 linux/amd64
2026-07-13T11:38:29.0828556Z 
2026-07-13T11:38:29.0829050Z ##[group]go env
2026-07-13T11:38:29.2659857Z AR='ar'
2026-07-13T11:38:29.2660708Z CC='gcc'
2026-07-13T11:38:29.2661148Z CGO_CFLAGS='-O2 -g'
2026-07-13T11:38:29.2661632Z CGO_CPPFLAGS=''
2026-07-13T11:38:29.2662103Z CGO_CXXFLAGS='-O2 -g'
2026-07-13T11:38:29.2662579Z CGO_ENABLED='1'
2026-07-13T11:38:29.2662908Z CGO_FFLAGS='-O2 -g'
2026-07-13T11:38:29.2663259Z CGO_LDFLAGS='-O2 -g'
2026-07-13T11:38:29.2663603Z CXX='g++'
2026-07-13T11:38:29.2663951Z GCCGO='gccgo'
2026-07-13T11:38:29.2664254Z GO111MODULE=''
2026-07-13T11:38:29.2664558Z GOAMD64='v1'
2026-07-13T11:38:29.2664902Z GOARCH='amd64'
2026-07-13T11:38:29.2665216Z GOAUTH='netrc'
2026-07-13T11:38:29.2665527Z GOBIN=''
2026-07-13T11:38:29.2665911Z GOCACHE='/home/runner/.cache/go-build'
2026-07-13T11:38:29.2666588Z GOCACHEPROG=''
2026-07-13T11:38:29.2666898Z GODEBUG=''
2026-07-13T11:38:29.2667239Z GOENV='/home/runner/.config/go/env'
2026-07-13T11:38:29.2667619Z GOEXE=''
2026-07-13T11:38:29.2668155Z GOEXPERIMENT=''
2026-07-13T11:38:29.2668444Z GOFIPS140='off'
2026-07-13T11:38:29.2668850Z GOFLAGS=''
2026-07-13T11:38:29.2669599Z GOGCCFLAGS='-fPIC -m64 -pthread -Wl,--no-gc-sections -fmessage-length=0 -ffile-prefix-map=/tmp/go-build2071838673=/tmp/go-build -gno-record-gcc-switches'
2026-07-13T11:38:29.2670405Z GOHOSTARCH='amd64'
2026-07-13T11:38:29.2670712Z GOHOSTOS='linux'
2026-07-13T11:38:29.2670998Z GOINSECURE=''
2026-07-13T11:38:29.2671394Z GOMOD='/home/runner/work/bgx/bgx/go.mod'
2026-07-13T11:38:29.2671813Z GOMODCACHE='/home/runner/go/pkg/mod'
2026-07-13T11:38:29.2672216Z GONOPROXY=''
2026-07-13T11:38:29.2672515Z GONOSUMDB=''
2026-07-13T11:38:29.2672784Z GOOS='linux'
2026-07-13T11:38:29.2673135Z GOPATH='/home/runner/go'
2026-07-13T11:38:29.2673456Z GOPRIVATE=''
2026-07-13T11:38:29.2673833Z GOPROXY='https://proxy.golang.org,direct'
2026-07-13T11:38:29.2674301Z GOROOT='/opt/hostedtoolcache/go/1.26.0/x64'
2026-07-13T11:38:29.2674671Z GOSUMDB='sum.golang.org'
2026-07-13T11:38:29.2675050Z GOTELEMETRY='local'
2026-07-13T11:38:29.2675419Z GOTELEMETRYDIR='/home/runner/.config/go/telemetry'
2026-07-13T11:38:29.2675942Z GOTMPDIR=''
2026-07-13T11:38:29.2676253Z GOTOOLCHAIN='auto'
2026-07-13T11:38:29.2676730Z GOTOOLDIR='/opt/hostedtoolcache/go/1.26.0/x64/pkg/tool/linux_amd64'
2026-07-13T11:38:29.2677253Z GOVCS=''
2026-07-13T11:38:29.2677541Z GOVERSION='go1.26.0'
2026-07-13T11:38:29.2678044Z GOWORK=''
2026-07-13T11:38:29.2678424Z PKG_CONFIG='pkg-config'
2026-07-13T11:38:29.2678641Z 
2026-07-13T11:38:29.2679107Z ##[endgroup]
2026-07-13T11:38:29.2850659Z Node 20 is being deprecated. This workflow is running with Node 24 by default. If you need to temporarily use Node 20, you can set the ACTIONS_ALLOW_USE_UNSECURE_NODE_VERSION=true environment variable. For more information see: https://github.blog/changelog/2025-09-19-deprecation-of-node-20-on-github-actions-runners/
2026-07-13T11:38:29.2852022Z ##[group]Run mlugg/setup-zig@v2
2026-07-13T11:38:29.2852380Z with:
2026-07-13T11:38:29.2852741Z   version: 0.15.2
2026-07-13T11:38:29.2853052Z   use-cache: false
2026-07-13T11:38:29.2853378Z   cache-size-limit: 2048
2026-07-13T11:38:29.2853755Z ##[endgroup]
2026-07-13T11:38:29.4968570Z Using tool-cache: false
2026-07-13T11:38:29.4974659Z Fetching zig-x86_64-linux-0.15.2.tar.xz
2026-07-13T11:38:29.6860991Z Cache hit for: setup-zig-tarball-zig-x86_64-linux-0.15.2
2026-07-13T11:38:30.9300209Z Received 41943040 of 53737147 (78.1%), 40.0 MBs/sec
2026-07-13T11:38:31.0802032Z Received 53737147 of 53737147 (100.0%), 44.5 MBs/sec
2026-07-13T11:38:31.0804951Z Cache Size: ~51 MB (53737147 B)
2026-07-13T11:38:31.0945383Z [command]/usr/bin/tar -xf /home/runner/work/_temp/85cf9c0c-4084-4549-bde3-2d5c678a098b/cache.tzst -P -C /home/runner/work/bgx/bgx --use-compress-program unzstd
2026-07-13T11:38:31.1524024Z Cache restored successfully
2026-07-13T11:38:31.1550247Z Fetch took 1657 ms
2026-07-13T11:38:31.1550787Z Extracting tarball zig-x86_64-linux-0.15.2.tar.xz
2026-07-13T11:38:31.1613931Z [command]/usr/bin/tar xJ --warning=no-unknown-keyword --overwrite -C /home/runner/work/_temp/59fcbf00-7be2-499b-bc71-ac8eba72e524 -f /home/runner/work/_temp/zig-x86_64-linux-0.15.2.tar.xz
2026-07-13T11:38:35.4383644Z Extract took 4284 ms
2026-07-13T11:38:35.4403375Z [command]/home/runner/work/_temp/59fcbf00-7be2-499b-bc71-ac8eba72e524/zig-x86_64-linux-0.15.2/zig version
2026-07-13T11:38:35.4453973Z 0.15.2
2026-07-13T11:38:35.4463293Z Resolved Zig version 0.15.2
2026-07-13T11:38:35.4625683Z ##[group]Run lukka/get-cmake@latest
2026-07-13T11:38:35.4626111Z with:
2026-07-13T11:38:35.4626506Z   useCloudCache: true
2026-07-13T11:38:35.4626842Z   useLocalCache: false
2026-07-13T11:38:35.4627248Z env:
2026-07-13T11:38:35.4627605Z   ZIG_GLOBAL_CACHE_DIR: /home/runner/work/bgx/bgx/.zig-cache
2026-07-13T11:38:35.4628532Z   ZIG_LOCAL_CACHE_DIR: /home/runner/work/bgx/bgx/.zig-cache
2026-07-13T11:38:35.4629007Z ##[endgroup]
2026-07-13T11:38:35.5982577Z useCloudCache:true
2026-07-13T11:38:35.5983139Z useLocalCache:false
2026-07-13T11:38:35.5983714Z user defined cmake version:
2026-07-13T11:38:35.5984141Z user defined ninja version:
2026-07-13T11:38:35.5984491Z cmake version:latest
2026-07-13T11:38:35.5984869Z ninja version:latest
2026-07-13T11:38:35.5989531Z ##[group]Computing cache key from the downloads' URLs
2026-07-13T11:38:35.5990286Z Cache key: '-1445423603'.
2026-07-13T11:38:35.5991347Z Local install root: '/home/runner/work/_temp/-1445423603''.
2026-07-13T11:38:35.5992372Z ##[endgroup]
2026-07-13T11:38:35.5993123Z ##[group]Restoring from GitHub cloud cache using key '-1445423603' into '/home/runner/work/_temp/-1445423603'
2026-07-13T11:38:35.7969486Z Cache hit for: -1445423603
2026-07-13T11:38:37.0583534Z Received 33554432 of 63560749 (52.8%), 32.0 MBs/sec
2026-07-13T11:38:37.3462096Z Received 63560749 of 63560749 (100.0%), 47.1 MBs/sec
2026-07-13T11:38:37.3464669Z Cache Size: ~61 MB (63560749 B)
2026-07-13T11:38:37.3540284Z [command]/usr/bin/tar -xf /home/runner/work/_temp/cdbd5ef5-157a-4799-862d-30ff4f6740a5/cache.tzst -P -C /home/runner/work/bgx/bgx --use-compress-program unzstd
2026-07-13T11:38:37.7770442Z Cache restored successfully
2026-07-13T11:38:37.7799471Z Cloud cache hit.
2026-07-13T11:38:37.7800904Z ##[endgroup]
2026-07-13T11:38:37.7804858Z ##[group]Add CMake and Ninja to PATH
2026-07-13T11:38:37.7805884Z CMake path: '/home/runner/work/_temp/-1445423603/cmake-4.3.4-linux-x86_64/bin/'
2026-07-13T11:38:37.7807039Z Ninja path: '/home/runner/work/_temp/-1445423603'
2026-07-13T11:38:37.7812371Z ##[group]Validating the installed CMake and Ninja
2026-07-13T11:38:37.7841080Z CMake actual path is: '/home/runner/work/_temp/-1445423603/cmake-4.3.4-linux-x86_64/bin/cmake'
2026-07-13T11:38:37.7842077Z Ninja actual path is: '/home/runner/work/_temp/-1445423603/ninja'
2026-07-13T11:38:37.7842997Z ##[endgroup]
2026-07-13T11:38:37.7843846Z ##[endgroup]
2026-07-13T11:38:37.7844365Z get-cmake action execution succeeded
2026-07-13T11:38:37.7962131Z ##[group]Run case "Linux" in
2026-07-13T11:38:37.7962686Z [36;1mcase "Linux" in[0m
2026-07-13T11:38:37.7963261Z [36;1m  Linux) sudo apt-get update && sudo apt-get install -y pkg-config ;;[0m
2026-07-13T11:38:37.7963911Z [36;1m  macOS) brew list pkg-config >/dev/null 2>&1 || brew install pkg-config ;;[0m
2026-07-13T11:38:37.7964403Z [36;1mesac[0m
2026-07-13T11:38:37.8155596Z shell: /usr/bin/bash --noprofile --norc -e -o pipefail {0}
2026-07-13T11:38:37.8156086Z env:
2026-07-13T11:38:37.8156612Z   ZIG_GLOBAL_CACHE_DIR: /home/runner/work/bgx/bgx/.zig-cache
2026-07-13T11:38:37.8157099Z   ZIG_LOCAL_CACHE_DIR: /home/runner/work/bgx/bgx/.zig-cache
2026-07-13T11:38:37.8157492Z ##[endgroup]
2026-07-13T11:38:37.8939183Z Get:1 file:/etc/apt/apt-mirrors.txt Mirrorlist [144 B]
2026-07-13T11:38:37.9428303Z Hit:2 http://azure.archive.ubuntu.com/ubuntu noble InRelease
2026-07-13T11:38:37.9447134Z Get:3 http://azure.archive.ubuntu.com/ubuntu noble-updates InRelease [126 kB]
2026-07-13T11:38:37.9501996Z Get:4 http://azure.archive.ubuntu.com/ubuntu noble-backports InRelease [126 kB]
2026-07-13T11:38:37.9559372Z Get:5 http://azure.archive.ubuntu.com/ubuntu noble-security InRelease [126 kB]
2026-07-13T11:38:37.9638334Z Get:6 https://packages.microsoft.com/repos/azure-cli noble InRelease [3564 B]
2026-07-13T11:38:37.9669788Z Get:7 https://packages.microsoft.com/ubuntu/24.04/prod noble InRelease [3600 B]
2026-07-13T11:38:38.0488218Z Get:8 https://dl.google.com/linux/chrome-stable/deb stable InRelease [1825 B]
2026-07-13T11:38:38.0672182Z Get:9 http://azure.archive.ubuntu.com/ubuntu noble-updates/main amd64 Packages [1092 kB]
2026-07-13T11:38:38.0855893Z Get:10 http://azure.archive.ubuntu.com/ubuntu noble-updates/main Translation-en [269 kB]
2026-07-13T11:38:38.0869815Z Get:11 http://azure.archive.ubuntu.com/ubuntu noble-updates/main amd64 Components [181 kB]
2026-07-13T11:38:38.0889759Z Get:12 http://azure.archive.ubuntu.com/ubuntu noble-updates/universe amd64 Packages [1660 kB]
2026-07-13T11:38:38.0967237Z Get:13 http://azure.archive.ubuntu.com/ubuntu noble-updates/universe Translation-en [327 kB]
2026-07-13T11:38:38.0990633Z Get:14 http://azure.archive.ubuntu.com/ubuntu noble-updates/universe amd64 Components [388 kB]
2026-07-13T11:38:38.1016258Z Get:15 http://azure.archive.ubuntu.com/ubuntu noble-updates/restricted amd64 Packages [1225 kB]
2026-07-13T11:38:38.1096357Z Get:16 http://azure.archive.ubuntu.com/ubuntu noble-updates/restricted Translation-en [276 kB]
2026-07-13T11:38:38.1113926Z Get:17 http://azure.archive.ubuntu.com/ubuntu noble-updates/multiverse amd64 Components [940 B]
2026-07-13T11:38:38.1205976Z Get:18 http://azure.archive.ubuntu.com/ubuntu noble-backports/main amd64 Components [5744 B]
2026-07-13T11:38:38.1650043Z Get:19 http://azure.archive.ubuntu.com/ubuntu noble-backports/universe amd64 Components [10.5 kB]
2026-07-13T11:38:38.1689165Z Get:20 http://azure.archive.ubuntu.com/ubuntu noble-security/main amd64 Packages [827 kB]
2026-07-13T11:38:38.1723603Z Get:21 http://azure.archive.ubuntu.com/ubuntu noble-security/main Translation-en [187 kB]
2026-07-13T11:38:38.1738097Z Get:22 http://azure.archive.ubuntu.com/ubuntu noble-security/main amd64 Components [44.8 kB]
2026-07-13T11:38:38.1749633Z Get:23 http://azure.archive.ubuntu.com/ubuntu noble-security/main amd64 c-n-f Metadata [11.9 kB]
2026-07-13T11:38:38.1761620Z Get:24 http://azure.archive.ubuntu.com/ubuntu noble-security/universe amd64 Packages [1174 kB]
2026-07-13T11:38:38.1824640Z Get:25 http://azure.archive.ubuntu.com/ubuntu noble-security/universe Translation-en [231 kB]
2026-07-13T11:38:38.1846196Z Get:26 http://azure.archive.ubuntu.com/ubuntu noble-security/universe amd64 Components [76.3 kB]
2026-07-13T11:38:38.1861294Z Get:27 http://azure.archive.ubuntu.com/ubuntu noble-security/universe amd64 c-n-f Metadata [24.2 kB]
2026-07-13T11:38:38.2044265Z Get:28 https://packages.microsoft.com/repos/azure-cli noble/main amd64 Packages [2314 B]
2026-07-13T11:38:38.2413843Z Get:29 https://packages.microsoft.com/ubuntu/24.04/prod noble/main armhf Packages [11.6 kB]
2026-07-13T11:38:38.2450972Z Get:30 https://packages.microsoft.com/ubuntu/24.04/prod noble/main amd64 Packages [214 kB]
2026-07-13T11:38:38.2501742Z Get:31 https://packages.microsoft.com/ubuntu/24.04/prod noble/main arm64 Packages [181 kB]
2026-07-13T11:38:38.3260421Z Get:32 https://dl.google.com/linux/chrome-stable/deb stable/main amd64 Packages [1217 B]
2026-07-13T11:38:44.6312492Z Fetched 8808 kB in 1s (7752 kB/s)
2026-07-13T11:38:45.5000858Z Reading package lists...
2026-07-13T11:38:45.5369648Z Reading package lists...
2026-07-13T11:38:45.7429668Z Building dependency tree...
2026-07-13T11:38:45.7437567Z Reading state information...
2026-07-13T11:38:45.9623555Z pkg-config is already the newest version (1.8.1-2build1).
2026-07-13T11:38:45.9624271Z 0 upgraded, 0 newly installed, 0 to remove and 38 not upgraded.
2026-07-13T11:38:46.0260031Z Node 20 is being deprecated. This workflow is running with Node 24 by default. If you need to temporarily use Node 20, you can set the ACTIONS_ALLOW_USE_UNSECURE_NODE_VERSION=true environment variable. For more information see: https://github.blog/changelog/2025-09-19-deprecation-of-node-20-on-github-actions-runners/
2026-07-13T11:38:46.0261378Z ##[group]Run actions/cache@v4
2026-07-13T11:38:46.0261732Z with:
2026-07-13T11:38:46.0262163Z   path: /home/runner/work/_temp/libghostty
2026-07-13T11:38:46.0262810Z   key: libghostty-v2-Linux-X64-5bde2d0ac4642f496b6c01f7f3a759b09e100d7f40364475db2c9ffdffe13560
2026-07-13T11:38:46.0263512Z   enableCrossOsArchive: false
2026-07-13T11:38:46.0263903Z   fail-on-cache-miss: false
2026-07-13T11:38:46.0264329Z   lookup-only: false
2026-07-13T11:38:46.0264654Z   save-always: false
2026-07-13T11:38:46.0265546Z env:
2026-07-13T11:38:46.0265983Z   ZIG_GLOBAL_CACHE_DIR: /home/runner/work/bgx/bgx/.zig-cache
2026-07-13T11:38:46.0266606Z   ZIG_LOCAL_CACHE_DIR: /home/runner/work/bgx/bgx/.zig-cache
2026-07-13T11:38:46.0267014Z ##[endgroup]
2026-07-13T11:38:46.1352227Z (node:2901) [DEP0040] DeprecationWarning: The `punycode` module is deprecated. Please use a userland alternative instead.
2026-07-13T11:38:46.1353397Z (Use `node --trace-deprecation ...` to show where the warning was created)
2026-07-13T11:38:46.3487573Z Cache not found for input keys: libghostty-v2-Linux-X64-5bde2d0ac4642f496b6c01f7f3a759b09e100d7f40364475db2c9ffdffe13560
2026-07-13T11:38:46.3556561Z ##[group]Run work="$RUNNER_TEMP/libghostty"
2026-07-13T11:38:46.3557167Z [36;1mwork="$RUNNER_TEMP/libghostty"[0m
2026-07-13T11:38:46.3557592Z [36;1mif [ ! -d "$work/build" ]; then[0m
2026-07-13T11:38:46.3558304Z [36;1m  go mod download go.mitchellh.com/libghostty[0m
2026-07-13T11:38:46.3558804Z [36;1m  src="$(go list -m -f '{{.Dir}}' go.mitchellh.com/libghostty)"[0m
2026-07-13T11:38:46.3559305Z [36;1m  cp -R "$src" "$work"[0m
2026-07-13T11:38:46.3559691Z [36;1m  chmod -R u+w "$work"[0m
2026-07-13T11:38:46.3560150Z [36;1m  cmake -S "$work" -B "$work/build" -DCMAKE_BUILD_TYPE=Release \[0m
2026-07-13T11:38:46.3560729Z [36;1m    -DGHOSTTY_VT_CROSS_TARGETS="linux-amd64=x86_64-linux-gnu"[0m
2026-07-13T11:38:46.3561272Z [36;1m  cmake --build "$work/build" --target "zig_build_lib_vt_linux-amd64"[0m
2026-07-13T11:38:46.3561770Z [36;1mfi[0m
2026-07-13T11:38:46.3562145Z [36;1mprefix="$work/build/ghostty-linux-amd64"[0m
2026-07-13T11:38:46.3562733Z [36;1marchive="$prefix/lib/libghostty-vt.a"[0m
2026-07-13T11:38:46.3563207Z [36;1msrc="$prefix/share/pkgconfig/libghostty-vt-static.pc"[0m
2026-07-13T11:38:46.3563662Z [36;1mfor f in "$archive" "$src"; do[0m
2026-07-13T11:38:46.3564111Z [36;1m  if [ ! -f "$f" ]; then[0m
2026-07-13T11:38:46.3564515Z [36;1m    echo "expected build output missing: $f" >&2[0m
2026-07-13T11:38:46.3565066Z [36;1m    find "$work/build" -name "$(basename "$f")" >&2 || true[0m
2026-07-13T11:38:46.3565494Z [36;1m    exit 1[0m
2026-07-13T11:38:46.3565866Z [36;1m  fi[0m
2026-07-13T11:38:46.3566190Z [36;1mdone[0m
2026-07-13T11:38:46.3566656Z [36;1m# zig bakes absolute install paths into the generated .pc files and,[0m
2026-07-13T11:38:46.3567240Z [36;1m# depending on build cache state, nondeterministically emits paths under[0m
2026-07-13T11:38:46.3568076Z [36;1m# its default zig-out layout rather than the cross install dir, which[0m
2026-07-13T11:38:46.3568915Z [36;1m# breaks the cgo link. Do not trust those paths: rewrite the .pc so the[0m
2026-07-13T11:38:46.3569499Z [36;1m# location vars and the static archive resolve to where the artifacts[0m
2026-07-13T11:38:46.3570127Z [36;1m# actually landed, and confine pkg-config to a dedicated directory via[0m
2026-07-13T11:38:46.3570727Z [36;1m# PKG_CONFIG_LIBDIR so no stray generated .pc can be resolved instead.[0m
2026-07-13T11:38:46.3571212Z [36;1mpcdir="$work/pkgconfig"[0m
2026-07-13T11:38:46.3571606Z [36;1mrm -rf "$pcdir"[0m
2026-07-13T11:38:46.3572169Z [36;1mmkdir -p "$pcdir"[0m
2026-07-13T11:38:46.3572532Z [36;1m{[0m
2026-07-13T11:38:46.3572867Z [36;1m  echo "prefix=$prefix"[0m
2026-07-13T11:38:46.3573311Z [36;1m  echo "includedir=$prefix/include"[0m
2026-07-13T11:38:46.3573737Z [36;1m  echo "libdir=$prefix/lib"[0m
2026-07-13T11:38:46.3574221Z [36;1m  grep -vE '^(prefix|includedir|libdir)=' "$src" \[0m
2026-07-13T11:38:46.3574748Z [36;1m    | sed -E "s#[^[:space:]]*/libghostty-vt\.a#$archive#g"[0m
2026-07-13T11:38:46.3575215Z [36;1m} >"$pcdir/libghostty-vt-static.pc"[0m
2026-07-13T11:38:46.3575785Z [36;1m# Fail loudly and early if resolution still does not point at the real[0m
2026-07-13T11:38:46.3576331Z [36;1m# archive, rather than surfacing later as an opaque link error.[0m
2026-07-13T11:38:46.3576904Z [36;1mresolved="$(PKG_CONFIG_PATH="$pcdir" PKG_CONFIG_LIBDIR="$pcdir" \[0m
2026-07-13T11:38:46.3577463Z [36;1m  pkg-config --libs --static libghostty-vt-static)"[0m
2026-07-13T11:38:46.3578203Z [36;1mcase "$resolved" in[0m
2026-07-13T11:38:46.3578596Z [36;1m  *"$archive"*) : ;;[0m
2026-07-13T11:38:46.3579028Z [36;1m  *) echo "pkg-config did not resolve $archive: [$resolved]" >&2[0m
2026-07-13T11:38:46.3579525Z [36;1m     cat "$pcdir"/*.pc >&2[0m
2026-07-13T11:38:46.3579864Z [36;1m     exit 1 ;;[0m
2026-07-13T11:38:46.3580278Z [36;1mesac[0m
2026-07-13T11:38:46.3580576Z [36;1m{[0m
2026-07-13T11:38:46.3580977Z [36;1m  printf 'PKG_CONFIG_PATH=%s\n' "$pcdir"[0m
2026-07-13T11:38:46.3581412Z [36;1m  printf 'PKG_CONFIG_LIBDIR=%s\n' "$pcdir"[0m
2026-07-13T11:38:46.3581959Z [36;1m} >> "$GITHUB_ENV"[0m
2026-07-13T11:38:46.3605826Z shell: /usr/bin/bash --noprofile --norc -e -o pipefail {0}
2026-07-13T11:38:46.3606268Z env:
2026-07-13T11:38:46.3606760Z   ZIG_GLOBAL_CACHE_DIR: /home/runner/work/bgx/bgx/.zig-cache
2026-07-13T11:38:46.3607269Z   ZIG_LOCAL_CACHE_DIR: /home/runner/work/bgx/bgx/.zig-cache
2026-07-13T11:38:46.3607879Z ##[endgroup]
2026-07-13T11:38:47.0788031Z -- The C compiler identification is GNU 13.3.0
2026-07-13T11:38:47.0869526Z -- Detecting C compiler ABI info
2026-07-13T11:38:47.1841726Z -- Detecting C compiler ABI info - done
2026-07-13T11:38:47.1996754Z -- Check for working C compiler: /usr/bin/cc - skipped
2026-07-13T11:38:47.1998702Z -- Detecting C compile features
2026-07-13T11:38:47.2002947Z -- Detecting C compile features - done
2026-07-13T11:38:53.6956056Z -- Found zig: /home/runner/work/_temp/59fcbf00-7be2-499b-bc71-ac8eba72e524/zig-x86_64-linux-0.15.2/zig
2026-07-13T11:38:53.6999217Z -- Configuring done (7.3s)
2026-07-13T11:38:53.7025798Z -- Generating done (0.0s)
2026-07-13T11:38:53.7029954Z -- Build files have been written to: /home/runner/work/_temp/libghostty/build
2026-07-13T11:38:53.7227329Z [100%] Building libghostty-vt for x86_64-linux-gnu...
2026-07-13T11:40:30.5174441Z [100%] Built target zig_build_lib_vt_linux-amd64
2026-07-13T11:40:30.5292068Z ##[group]Run go test $(go list ./... | grep -v '/e2e$')
2026-07-13T11:40:30.5292811Z [36;1mgo test $(go list ./... | grep -v '/e2e$')[0m
2026-07-13T11:40:30.5325316Z shell: /usr/bin/bash --noprofile --norc -e -o pipefail {0}
2026-07-13T11:40:30.5326066Z env:
2026-07-13T11:40:30.5326590Z   ZIG_GLOBAL_CACHE_DIR: /home/runner/work/bgx/bgx/.zig-cache
2026-07-13T11:40:30.5327380Z   ZIG_LOCAL_CACHE_DIR: /home/runner/work/bgx/bgx/.zig-cache
2026-07-13T11:40:30.5328411Z   PKG_CONFIG_PATH: /home/runner/work/_temp/libghostty/pkgconfig
2026-07-13T11:40:30.5329229Z   PKG_CONFIG_LIBDIR: /home/runner/work/_temp/libghostty/pkgconfig
2026-07-13T11:40:30.5329907Z ##[endgroup]
2026-07-13T11:40:31.2975454Z # github.com/sidedotdev/bgx/daemon.test
2026-07-13T11:40:31.2976237Z /opt/hostedtoolcache/go/1.26.0/x64/pkg/tool/linux_amd64/link: running gcc failed: exit status 1
2026-07-13T11:40:31.2985822Z /usr/bin/gcc -m64 -s -Wl,--build-id=0x6210e309fbdcb6172e0171f58a07f2f8db8f6e15 -o $WORK/b168/daemon.test -Wl,--export-dynamic-symbol=_cgo_panic -Wl,--export-dynamic-symbol=_cgo_topofstack -Wl,--export-dynamic-symbol=crosscall2 -Wl,--export-dynamic-symbol=goBellTrampoline -Wl,--export-dynamic-symbol=goColorSchemeTrampoline -Wl,--export-dynamic-symbol=goDeviceAttributesTrampoline -Wl,--export-dynamic-symbol=goEnquiryTrampoline -Wl,--export-dynamic-symbol=goSizeTrampoline -Wl,--export-dynamic-symbol=goSysDecodePngTrampoline -Wl,--export-dynamic-symbol=goSysLogTrampoline -Wl,--export-dynamic-symbol=goTitleChangedTrampoline -Wl,--export-dynamic-symbol=goWritePtyTrampoline -Wl,--export-dynamic-symbol=goXtversionTrampoline -Wl,--compress-debug-sections=zlib /tmp/go-link-1999347673/go.o /tmp/go-link-1999347673/000000.o /tmp/go-link-1999347673/000001.o /tmp/go-link-1999347673/000002.o /tmp/go-link-1999347673/000003.o /tmp/go-link-1999347673/000004.o /tmp/go-link-1999347673/000005.o /tmp/go-link-1999347673/000006.o /tmp/go-link-1999347673/000007.o /tmp/go-link-1999347673/000008.o /tmp/go-link-1999347673/000009.o /tmp/go-link-1999347673/000010.o /tmp/go-link-1999347673/000011.o /tmp/go-link-1999347673/000012.o /tmp/go-link-1999347673/000013.o /tmp/go-link-1999347673/000014.o /tmp/go-link-1999347673/000015.o /tmp/go-link-1999347673/000016.o /tmp/go-link-1999347673/000017.o /tmp/go-link-1999347673/000018.o /tmp/go-link-1999347673/000019.o /tmp/go-link-1999347673/000020.o /tmp/go-link-1999347673/000021.o /tmp/go-link-1999347673/000022.o /tmp/go-link-1999347673/000023.o /tmp/go-link-1999347673/000024.o /tmp/go-link-1999347673/000025.o /tmp/go-link-1999347673/000026.o /tmp/go-link-1999347673/000027.o /tmp/go-link-1999347673/000028.o /tmp/go-link-1999347673/000029.o /tmp/go-link-1999347673/000030.o /tmp/go-link-1999347673/000031.o /tmp/go-link-1999347673/000032.o /tmp/go-link-1999347673/000033.o /tmp/go-link-1999347673/000034.o /tmp/go-link-1999347673/000035.o /tmp/go-link-1999347673/000036.o /tmp/go-link-1999347673/000037.o /tmp/go-link-1999347673/000038.o /tmp/go-link-1999347673/000039.o /tmp/go-link-1999347673/000040.o /tmp/go-link-1999347673/000041.o /tmp/go-link-1999347673/000042.o /tmp/go-link-1999347673/000043.o /tmp/go-link-1999347673/000044.o /tmp/go-link-1999347673/000045.o /tmp/go-link-1999347673/000046.o /tmp/go-link-1999347673/000047.o /tmp/go-link-1999347673/000048.o /tmp/go-link-1999347673/000049.o /tmp/go-link-1999347673/000050.o /tmp/go-link-1999347673/000051.o /tmp/go-link-1999347673/000052.o /tmp/go-link-1999347673/000053.o -O2 -g -lresolv -O2 -g -lpthread -O2 -g /home/runner/work/_temp/libghostty/build/_deps/ghostty-src/zig-out/lib/libghostty-vt.a -no-pie
2026-07-13T11:40:31.2996821Z /usr/bin/ld: cannot find /home/runner/work/_temp/libghostty/build/_deps/ghostty-src/zig-out/lib/libghostty-vt.a: No such file or directory
2026-07-13T11:40:31.2997945Z collect2: error: ld returned 1 exit status
2026-07-13T11:40:31.2998290Z 
2026-07-13T11:40:31.3098792Z # github.com/sidedotdev/bgx.test
2026-07-13T11:40:31.3100071Z FAIL	github.com/sidedotdev/bgx [build failed]
2026-07-13T11:40:31.3101340Z /opt/hostedtoolcache/go/1.26.0/x64/pkg/tool/linux_amd64/link: running gcc failed: exit status 1
2026-07-13T11:40:31.3110676Z /usr/bin/gcc -m64 -s -Wl,--build-id=0xc337c0ef5ef1f0d88938fe3c8ac3fa772a71b480 -o $WORK/b001/bgx.test -Wl,--export-dynamic-symbol=_cgo_panic -Wl,--export-dynamic-symbol=_cgo_topofstack -Wl,--export-dynamic-symbol=crosscall2 -Wl,--export-dynamic-symbol=goBellTrampoline -Wl,--export-dynamic-symbol=goColorSchemeTrampoline -Wl,--export-dynamic-symbol=goDeviceAttributesTrampoline -Wl,--export-dynamic-symbol=goEnquiryTrampoline -Wl,--export-dynamic-symbol=goSizeTrampoline -Wl,--export-dynamic-symbol=goSysDecodePngTrampoline -Wl,--export-dynamic-symbol=goSysLogTrampoline -Wl,--export-dynamic-symbol=goTitleChangedTrampoline -Wl,--export-dynamic-symbol=goWritePtyTrampoline -Wl,--export-dynamic-symbol=goXtversionTrampoline -Wl,--compress-debug-sections=zlib /tmp/go-link-1269763724/go.o /tmp/go-link-1269763724/000000.o /tmp/go-link-1269763724/000001.o /tmp/go-link-1269763724/000002.o /tmp/go-link-1269763724/000003.o /tmp/go-link-1269763724/000004.o /tmp/go-link-1269763724/000005.o /tmp/go-link-1269763724/000006.o /tmp/go-link-1269763724/000007.o /tmp/go-link-1269763724/000008.o /tmp/go-link-1269763724/000009.o /tmp/go-link-1269763724/000010.o /tmp/go-link-1269763724/000011.o /tmp/go-link-1269763724/000012.o /tmp/go-link-1269763724/000013.o /tmp/go-link-1269763724/000014.o /tmp/go-link-1269763724/000015.o /tmp/go-link-1269763724/000016.o /tmp/go-link-1269763724/000017.o /tmp/go-link-1269763724/000018.o /tmp/go-link-1269763724/000019.o /tmp/go-link-1269763724/000020.o /tmp/go-link-1269763724/000021.o /tmp/go-link-1269763724/000022.o /tmp/go-link-1269763724/000023.o /tmp/go-link-1269763724/000024.o /tmp/go-link-1269763724/000025.o /tmp/go-link-1269763724/000026.o /tmp/go-link-1269763724/000027.o /tmp/go-link-1269763724/000028.o /tmp/go-link-1269763724/000029.o /tmp/go-link-1269763724/000030.o /tmp/go-link-1269763724/000031.o /tmp/go-link-1269763724/000032.o /tmp/go-link-1269763724/000033.o /tmp/go-link-1269763724/000034.o /tmp/go-link-1269763724/000035.o /tmp/go-link-1269763724/000036.o /tmp/go-link-1269763724/000037.o /tmp/go-link-1269763724/000038.o /tmp/go-link-1269763724/000039.o /tmp/go-link-1269763724/000040.o /tmp/go-link-1269763724/000041.o /tmp/go-link-1269763724/000042.o /tmp/go-link-1269763724/000043.o /tmp/go-link-1269763724/000044.o /tmp/go-link-1269763724/000045.o /tmp/go-link-1269763724/000046.o /tmp/go-link-1269763724/000047.o /tmp/go-link-1269763724/000048.o /tmp/go-link-1269763724/000049.o /tmp/go-link-1269763724/000050.o /tmp/go-link-1269763724/000051.o /tmp/go-link-1269763724/000052.o /tmp/go-link-1269763724/000053.o -O2 -g -lresolv -O2 -g -lpthread -O2 -g /home/runner/work/_temp/libghostty/build/_deps/ghostty-src/zig-out/lib/libghostty-vt.a -no-pie
2026-07-13T11:40:31.3119830Z /usr/bin/ld: cannot find /home/runner/work/_temp/libghostty/build/_deps/ghostty-src/zig-out/lib/libghostty-vt.a: No such file or directory
2026-07-13T11:40:31.3120680Z collect2: error: ld returned 1 exit status
2026-07-13T11:40:31.3121009Z 
2026-07-13T11:40:31.3121278Z FAIL	github.com/sidedotdev/bgx/daemon [build failed]
2026-07-13T11:40:31.3121909Z ok  	github.com/sidedotdev/bgx/scrollback	(cached)
2026-07-13T11:40:31.3122449Z ok  	github.com/sidedotdev/bgx/vt	(cached)
2026-07-13T11:40:31.3123028Z ok  	github.com/sidedotdev/bgx/vtscan	(cached)
2026-07-13T11:40:31.3123444Z FAIL
2026-07-13T11:40:31.3274525Z ##[error]Process completed with exit code 1.
2026-07-13T11:40:31.3498504Z Node 20 is being deprecated. This workflow is running with Node 24 by default. If you need to temporarily use Node 20, you can set the ACTIONS_ALLOW_USE_UNSECURE_NODE_VERSION=true environment variable. For more information see: https://github.blog/changelog/2025-09-19-deprecation-of-node-20-on-github-actions-runners/
2026-07-13T11:40:31.3499716Z Post job cleanup.
2026-07-13T11:40:31.5759978Z Node 20 is being deprecated. This workflow is running with Node 24 by default. If you need to temporarily use Node 20, you can set the ACTIONS_ALLOW_USE_UNSECURE_NODE_VERSION=true environment variable. For more information see: https://github.blog/changelog/2025-09-19-deprecation-of-node-20-on-github-actions-runners/
2026-07-13T11:40:31.5761606Z Post job cleanup.
2026-07-13T11:40:31.6611350Z [command]/usr/bin/git version
2026-07-13T11:40:31.6650178Z git version 2.54.0
2026-07-13T11:40:31.6684922Z Temporarily overriding HOME='/home/runner/work/_temp/9607f34a-2b35-4f68-a476-a6cccc1556e7' before making global git config changes
2026-07-13T11:40:31.6686460Z Adding repository directory to the temporary git global config as a safe directory
2026-07-13T11:40:31.6690474Z [command]/usr/bin/git config --global --add safe.directory /home/runner/work/bgx/bgx
2026-07-13T11:40:31.6728639Z [command]/usr/bin/git config --local --name-only --get-regexp core\.sshCommand
2026-07-13T11:40:31.6761475Z [command]/usr/bin/git submodule foreach --recursive sh -c "git config --local --name-only --get-regexp 'core\.sshCommand' && git config --local --unset-all 'core.sshCommand' || :"
2026-07-13T11:40:31.7002604Z [command]/usr/bin/git config --local --name-only --get-regexp http\.https\:\/\/github\.com\/\.extraheader
2026-07-13T11:40:31.7028878Z http.https://github.com/.extraheader
2026-07-13T11:40:31.7043773Z [command]/usr/bin/git config --local --unset-all http.https://github.com/.extraheader
2026-07-13T11:40:31.7080489Z [command]/usr/bin/git submodule foreach --recursive sh -c "git config --local --name-only --get-regexp 'http\.https\:\/\/github\.com\/\.extraheader' && git config --local --unset-all 'http.https://github.com/.extraheader' || :"
2026-07-13T11:40:31.7299862Z [command]/usr/bin/git config --local --name-only --get-regexp ^includeIf\.gitdir:
2026-07-13T11:40:31.7331705Z [command]/usr/bin/git submodule foreach --recursive git config --local --show-origin --name-only --get-regexp remote.origin.url
2026-07-13T11:40:31.7693123Z Cleaning up orphan processes
2026-07-13T11:40:31.7926945Z ##[warning]Node.js 20 is deprecated. The following actions target Node.js 20 but are being forced to run on Node.js 24: actions/cache@v4, actions/checkout@v4, actions/setup-go@v5, mlugg/setup-zig@v2. For more information see: https://github.blog/changelog/2025-09-19-deprecation-of-node-20-on-github-actions-runners/
